1529481368176	geckodriver	INFO	geckodriver 0.20.1
1529481368181	geckodriver	INFO	Listening on 127.0.0.1:64934
1529481369197	mozrunner::runner	INFO	Running command: "/Applications/Firefox.app/Contents/MacOS/firefox-bin" "-marionette" "-profile" "/var/folders/nq/0mpynycd6mg_8903k89bx5f00000gn/T/rust_mozprofile.MmNFO0b4Fayn"
2018-06-20 15:56:10.345 plugin-container[9363:1394693] *** CFMessagePort: bootstrap_register(): failed 1100 (0x44c) 'Permission denied', port = 0x860b, name = 'com.apple.tsm.portname'
See /usr/include/servers/bootstrap_defs.h for the error codes.
2018-06-20 15:56:10.435 plugin-container[9363:1394693] *** CFMessagePort: bootstrap_register(): failed 1100 (0x44c) 'Permission denied', port = 0x2627, name = 'com.apple.coredrag'
See /usr/include/servers/bootstrap_defs.h for the error codes.
1529481370784	Marionette	INFO	Listening on port 64941
1529481370889	Marionette	WARN	TLS certificate errors will be ignored for this session
2018-06-20 15:56:11.264 plugin-container[9364:1394866] *** CFMessagePort: bootstrap_register(): failed 1100 (0x44c) 'Permission denied', port = 0x733f, name = 'com.apple.tsm.portname'
See /usr/include/servers/bootstrap_defs.h for the error codes.
2018-06-20 15:56:11.348 plugin-container[9364:1394866] *** CFMessagePort: bootstrap_register(): failed 1100 (0x44c) 'Permission denied', port = 0x281f, name = 'com.apple.coredrag'
See /usr/include/servers/bootstrap_defs.h for the error codes.
JavaScript warning: https://www.googletagmanager.com/gtag/js?id=UA-110853334-1, line 69: unreachable code after return statement
JavaScript warning: https://www.googletagmanager.com/gtag/js?id=UA-110853334-1, line 69: unreachable code after return statement

###!!! [Child][RunMessage] Error: Channel closing: too late to send/recv, messages will be lost

2018-06-20 17:00:37.532 firefox-bin[9362:1394502] IMKInputSession [0x12339f9d0 presentFunctionRowItemTextInputViewWithEndpoint:completionHandler:] : [self textInputContext]=0x12d5b7700 *NO* NSRemoteViewController to client, NSError=Error Domain=NSCocoaErrorDomain Code=4097 "connection from pid 0" UserInfo={NSDebugDescription=connection from pid 0}, com.apple.inputmethod.EmojiFunctionRowItem
2018-06-20 17:00:37.555 firefox-bin[9362:1394502] IMKInputSession [0x118129430 presentFunctionRowItemTextInputViewWithEndpoint:completionHandler:] : [self textInputContext]=0x12d5b7700 *NO* NSRemoteViewController to client, NSError=Error Domain=NSCocoaErrorDomain Code=4097 "connection from pid 0" UserInfo={NSDebugDescription=connection from pid 0}, com.apple.inputmethod.SCIM
2018-06-20 17:00:37.616 firefox-bin[9362:1394502] IMKInputSession [0x12339f9d0 presentFunctionRowItemTextInputViewWithEndpoint:completionHandler:] : [self textInputContext]=0x12d5b7700 *NO* NSRemoteViewController to client, NSError=Error Domain=NSCocoaErrorDomain Code=4097 "connection from pid 0" UserInfo={NSDebugDescription=connection from pid 0}, com.apple.inputmethod.EmojiFunctionRowItem
2018-06-20 17:00:37.644 firefox-bin[9362:1394502] IMKInputSession [0x118129430 presentFunctionRowItemTextInputViewWithEndpoint:completionHandler:] : [self textInputContext]=0x12d5b7700 *NO* NSRemoteViewController to client, NSError=Error Domain=NSCocoaErrorDomain Code=4097 "connection from pid 0" UserInfo={NSDebugDescription=connection from pid 0}, com.apple.inputmethod.SCIM
2018-06-20 17:00:37.929 plugin-container[9748:1491326] *** CFMessagePort: bootstrap_register(): failed 1100 (0x44c) 'Permission denied', port = 0x8d3b, name = 'com.apple.tsm.portname'
See /usr/include/servers/bootstrap_defs.h for the error codes.
2018-06-20 17:00:38.144 plugin-container[9748:1491326] *** CFMessagePort: bootstrap_register(): failed 1100 (0x44c) 'Permission denied', port = 0x181f, name = 'com.apple.coredrag'
See /usr/include/servers/bootstrap_defs.h for the error codes.
2018-06-20 17:00:39.419 firefox-bin[9362:1394502] IMKInputSession [0x118129430 presentFunctionRowItemTextInputViewWithEndpoint:completionHandler:] : [self textInputContext]=0x12d5b7700 *NO* NSRemoteViewController to client, NSError=Error Domain=NSCocoaErrorDomain Code=4097 "connection from pid 0" UserInfo={NSDebugDescription=connection from pid 0}, com.apple.inputmethod.SCIM
1529485885166	geckodriver	INFO	geckodriver 0.20.1
1529485885175	geckodriver	INFO	Listening on 127.0.0.1:49748
1529485886182	mozrunner::runner	INFO	Running command: "/Applications/Firefox.app/Contents/MacOS/firefox-bin" "-marionette" "-profile" "/var/folders/nq/0mpynycd6mg_8903k89bx5f00000gn/T/rust_mozprofile.u6HGhlksoX8A"
2018-06-20 17:11:27.288 plugin-container[9966:1501962] *** CFMessagePort: bootstrap_register(): failed 1100 (0x44c) 'Permission denied', port = 0x7603, name = 'com.apple.tsm.portname'
See /usr/include/servers/bootstrap_defs.h for the error codes.
2018-06-20 17:11:27.374 plugin-container[9966:1501962] *** CFMessagePort: bootstrap_register(): failed 1100 (0x44c) 'Permission denied', port = 0x282b, name = 'com.apple.coredrag'
See /usr/include/servers/bootstrap_defs.h for the error codes.
1529485887772	Marionette	INFO	Listening on port 49755
1529485887867	Marionette	WARN	TLS certificate errors will be ignored for this session
2018-06-20 17:11:28.237 plugin-container[9967:1502049] *** CFMessagePort: bootstrap_register(): failed 1100 (0x44c) 'Permission denied', port = 0x8643, name = 'com.apple.tsm.portname'
See /usr/include/servers/bootstrap_defs.h for the error codes.
2018-06-20 17:11:28.324 plugin-container[9967:1502049] *** CFMessagePort: bootstrap_register(): failed 1100 (0x44c) 'Permission denied', port = 0x171f, name = 'com.apple.coredrag'
See /usr/include/servers/bootstrap_defs.h for the error codes.
JavaScript warning: https://www.googletagmanager.com/gtag/js?id=UA-110853334-1, line 69: unreachable code after return statement
JavaScript warning: https://www.googletagmanager.com/gtag/js?id=UA-110853334-1, line 69: unreachable code after return statement
1529485920038	geckodriver	INFO	geckodriver 0.20.1
1529485920043	geckodriver	INFO	Listening on 127.0.0.1:49841
1529485921054	mozrunner::runner	INFO	Running command: "/Applications/Firefox.app/Contents/MacOS/firefox-bin" "-marionette" "-profile" "/var/folders/nq/0mpynycd6mg_8903k89bx5f00000gn/T/rust_mozprofile.oAzx1PkGGWE1"
2018-06-20 17:12:02.201 plugin-container[10019:1503067] *** CFMessagePort: bootstrap_register(): failed 1100 (0x44c) 'Permission denied', port = 0x7f37, name = 'com.apple.tsm.portname'
See /usr/include/servers/bootstrap_defs.h for the error codes.
2018-06-20 17:12:02.299 plugin-container[10019:1503067] *** CFMessagePort: bootstrap_register(): failed 1100 (0x44c) 'Permission denied', port = 0x1727, name = 'com.apple.coredrag'
See /usr/include/servers/bootstrap_defs.h for the error codes.
1529485922634	Marionette	INFO	Listening on port 49848
1529485922742	Marionette	WARN	TLS certificate errors will be ignored for this session
2018-06-20 17:12:03.097 plugin-container[10020:1503146] *** CFMessagePort: bootstrap_register(): failed 1100 (0x44c) 'Permission denied', port = 0x853f, name = 'com.apple.tsm.portname'
See /usr/include/servers/bootstrap_defs.h for the error codes.
2018-06-20 17:12:03.183 plugin-container[10020:1503146] *** CFMessagePort: bootstrap_register(): failed 1100 (0x44c) 'Permission denied', port = 0x161f, name = 'com.apple.coredrag'
See /usr/include/servers/bootstrap_defs.h for the error codes.
JavaScript warning: https://www.googletagmanager.com/gtag/js?id=UA-110853334-1, line 69: unreachable code after return statement
JavaScript warning: https://www.googletagmanager.com/gtag/js?id=UA-110853334-1, line 69: unreachable code after return statement
2018-06-20 20:52:17.055 plugin-container[9967:1502049] _mthid_copyDeviceInfo(144115188092633088) failed
2018-06-20 20:52:17.060 plugin-container[10020:1503146] _mthid_copyDeviceInfo(144115188092633088) failed
2018-06-21 05:36:59.716 plugin-container[9967:1502049] _mthid_copyDeviceInfo(144115188092633088) failed
2018-06-21 05:36:59.718 plugin-container[10020:1503146] _mthid_copyDeviceInfo(144115188092633088) failed
2018-06-21 08:31:30.852 plugin-container[9967:1502049] _mthid_copyDeviceInfo(144115188092633088) failed
2018-06-21 08:31:30.856 plugin-container[10020:1503146] _mthid_copyDeviceInfo(144115188092633088) failed
2018-06-21 08:47:47.349 firefox-bin[10008:1502945] IMKInputSession [0x1274e4790 presentFunctionRowItemTextInputViewWithEndpoint:completionHandler:] : [self textInputContext]=0x134466d00 *NO* NSRemoteViewController to client, NSError=Error Domain=NSCocoaErrorDomain Code=4097 "connection from pid 0" UserInfo={NSDebugDescription=connection from pid 0}, com.apple.inputmethod.EmojiFunctionRowItem
2018-06-21 08:47:47.375 firefox-bin[10008:1502945] IMKInputSession [0x125411670 presentFunctionRowItemTextInputViewWithEndpoint:completionHandler:] : [self textInputContext]=0x134466d00 *NO* NSRemoteViewController to client, NSError=Error Domain=NSCocoaErrorDomain Code=4097 "connection from pid 0" UserInfo={NSDebugDescription=connection from pid 0}, com.apple.inputmethod.SCIM
2018-06-21 08:47:47.444 firefox-bin[10008:1502945] IMKInputSession [0x1274e4790 presentFunctionRowItemTextInputViewWithEndpoint:completionHandler:] : [self textInputContext]=0x134466d00 *NO* NSRemoteViewController to client, NSError=Error Domain=NSCocoaErrorDomain Code=4097 "connection from pid 0" UserInfo={NSDebugDescription=connection from pid 0}, com.apple.inputmethod.EmojiFunctionRowItem
2018-06-21 08:47:47.471 firefox-bin[10008:1502945] IMKInputSession [0x125411670 presentFunctionRowItemTextInputViewWithEndpoint:completionHandler:] : [self textInputContext]=0x134466d00 *NO* NSRemoteViewController to client, NSError=Error Domain=NSCocoaErrorDomain Code=4097 "connection from pid 0" UserInfo={NSDebugDescription=connection from pid 0}, com.apple.inputmethod.SCIM
2018-06-21 08:47:47.891 plugin-container[10450:1541437] *** CFMessagePort: bootstrap_register(): failed 1100 (0x44c) 'Permission denied', port = 0x883b, name = 'com.apple.tsm.portname'
See /usr/include/servers/bootstrap_defs.h for the error codes.
2018-06-21 08:47:48.086 plugin-container[10450:1541437] *** CFMessagePort: bootstrap_register(): failed 1100 (0x44c) 'Permission denied', port = 0x2547, name = 'com.apple.coredrag'
See /usr/include/servers/bootstrap_defs.h for the error codes.
2018-06-21 08:50:49.614 firefox-bin[10008:1502945] IMKInputSession [0x1274e4790 presentFunctionRowItemTextInputViewWithEndpoint:completionHandler:] : [self textInputContext]=0x134466d00 *NO* NSRemoteViewController to client, NSError=Error Domain=NSCocoaErrorDomain Code=4097 "connection from pid 0" UserInfo={NSDebugDescription=connection from pid 0}, com.apple.inputmethod.EmojiFunctionRowItem
2018-06-21 08:50:49.640 firefox-bin[10008:1502945] IMKInputSession [0x125411670 presentFunctionRowItemTextInputViewWithEndpoint:completionHandler:] : [self textInputContext]=0x134466d00 *NO* NSRemoteViewController to client, NSError=Error Domain=NSCocoaErrorDomain Code=4097 "connection from pid 0" UserInfo={NSDebugDescription=connection from pid 0}, com.apple.inputmethod.SCIM
2018-06-21 08:50:49.692 firefox-bin[10008:1502945] IMKInputSession [0x1274e4790 presentFunctionRowItemTextInputViewWithEndpoint:completionHandler:] : [self textInputContext]=0x134466d00 *NO* NSRemoteViewController to client, NSError=Error Domain=NSCocoaErrorDomain Code=4097 "connection from pid 0" UserInfo={NSDebugDescription=connection from pid 0}, com.apple.inputmethod.EmojiFunctionRowItem
2018-06-21 08:50:49.718 firefox-bin[10008:1502945] IMKInputSession [0x125411670 presentFunctionRowItemTextInputViewWithEndpoint:completionHandler:] : [self textInputContext]=0x134466d00 *NO* NSRemoteViewController to client, NSError=Error Domain=NSCocoaErrorDomain Code=4097 "connection from pid 0" UserInfo={NSDebugDescription=connection from pid 0}, com.apple.inputmethod.SCIM
2018-06-21 08:50:50.230 firefox-bin[10008:1502945] IMKInputSession [0x125411670 presentFunctionRowItemTextInputViewWithEndpoint:completionHandler:] : [self textInputContext]=0x134466d00 *NO* NSRemoteViewController to client, NSError=Error Domain=NSCocoaErrorDomain Code=4097 "connection from pid 0" UserInfo={NSDebugDescription=connection from pid 0}, com.apple.inputmethod.SCIM
2018-06-21 08:50:50.246 firefox-bin[10008:1502945] IMKInputSession [0x125411670 presentFunctionRowItemTextInputViewWithEndpoint:completionHandler:] : [self textInputContext]=0x134466d00 *NO* NSRemoteViewController to client, NSError=Error Domain=NSCocoaErrorDomain Code=4097 "connection from pid 0" UserInfo={NSDebugDescription=connection from pid 0}, com.apple.inputmethod.SCIM
2018-06-21 08:50:50.258 firefox-bin[10008:1502945] IMKInputSession [0x125411670 presentFunctionRowItemTextInputViewWithEndpoint:completionHandler:] : [self textInputContext]=0x134466d00 *NO* NSRemoteViewController to client, NSError=Error Domain=NSCocoaErrorDomain Code=4097 "connection from pid 0" UserInfo={NSDebugDescription=connection from pid 0}, com.apple.inputmethod.SCIM
2018-06-21 08:50:50.371 firefox-bin[10008:1502945] IMKInputSession [0x125411670 presentFunctionRowItemTextInputViewWithEndpoint:completionHandler:] : [self textInputContext]=0x134466d00 *NO* NSRemoteViewController to client, NSError=Error Domain=NSCocoaErrorDomain Code=4097 "connection from pid 0" UserInfo={NSDebugDescription=connection from pid 0}, com.apple.inputmethod.SCIM
2018-06-21 08:50:50.386 firefox-bin[10008:1502945] IMKInputSession [0x125411670 presentFunctionRowItemTextInputViewWithEndpoint:completionHandler:] : [self textInputContext]=0x134466d00 *NO* NSRemoteViewController to client, NSError=Error Domain=NSCocoaErrorDomain Code=4097 "connection from pid 0" UserInfo={NSDebugDescription=connection from pid 0}, com.apple.inputmethod.SCIM
2018-06-21 08:50:50.397 firefox-bin[10008:1502945] IMKInputSession [0x125411670 presentFunctionRowItemTextInputViewWithEndpoint:completionHandler:] : [self textInputContext]=0x134466d00 *NO* NSRemoteViewController to client, NSError=Error Domain=NSCocoaErrorDomain Code=4097 "connection from pid 0" UserInfo={NSDebugDescription=connection from pid 0}, com.apple.inputmethod.SCIM
2018-06-21 08:50:50.453 firefox-bin[10008:1502945] IMKInputSession [0x125411670 presentFunctionRowItemTextInputViewWithEndpoint:completionHandler:] : [self textInputContext]=0x134466d00 *NO* NSRemoteViewController to client, NSError=Error Domain=NSCocoaErrorDomain Code=4097 "connection from pid 0" UserInfo={NSDebugDescription=connection from pid 0}, com.apple.inputmethod.SCIM
2018-06-21 08:50:50.467 firefox-bin[10008:1502945] IMKInputSession [0x125411670 presentFunctionRowItemTextInputViewWithEndpoint:completionHandler:] : [self textInputContext]=0x134466d00 *NO* NSRemoteViewController to client, NSError=Error Domain=NSCocoaErrorDomain Code=4097 "connection from pid 0" UserInfo={NSDebugDescription=connection from pid 0}, com.apple.inputmethod.SCIM
2018-06-21 08:50:50.479 firefox-bin[10008:1502945] IMKInputSession [0x125411670 presentFunctionRowItemTextInputViewWithEndpoint:completionHandler:] : [self textInputContext]=0x134466d00 *NO* NSRemoteViewController to client, NSError=Error Domain=NSCocoaErrorDomain Code=4097 "connection from pid 0" UserInfo={NSDebugDescription=connection from pid 0}, com.apple.inputmethod.SCIM
2018-06-21 08:50:50.758 firefox-bin[10008:1502945] IMKInputSession [0x125411670 presentFunctionRowItemTextInputViewWithEndpoint:completionHandler:] : [self textInputContext]=0x134466d00 *NO* NSRemoteViewController to client, NSError=Error Domain=NSCocoaErrorDomain Code=4097 "connection from pid 0" UserInfo={NSDebugDescription=connection from pid 0}, com.apple.inputmethod.SCIM
2018-06-21 08:50:50.770 firefox-bin[10008:1502945] IMKInputSession [0x125411670 presentFunctionRowItemTextInputViewWithEndpoint:completionHandler:] : [self textInputContext]=0x134466d00 *NO* NSRemoteViewController to client, NSError=Error Domain=NSCocoaErrorDomain Code=4097 "connection from pid 0" UserInfo={NSDebugDescription=connection from pid 0}, com.apple.inputmethod.SCIM
2018-06-21 08:50:50.779 firefox-bin[10008:1502945] IMKInputSession [0x125411670 presentFunctionRowItemTextInputViewWithEndpoint:completionHandler:] : [self textInputContext]=0x134466d00 *NO* NSRemoteViewController to client, NSError=Error Domain=NSCocoaErrorDomain Code=4097 "connection from pid 0" UserInfo={NSDebugDescription=connection from pid 0}, com.apple.inputmethod.SCIM
2018-06-21 08:50:50.829 firefox-bin[10008:1502945] IMKInputSession [0x125411670 presentFunctionRowItemTextInputViewWithEndpoint:completionHandler:] : [self textInputContext]=0x134466d00 *NO* NSRemoteViewController to client, NSError=Error Domain=NSCocoaErrorDomain Code=4097 "connection from pid 0" UserInfo={NSDebugDescription=connection from pid 0}, com.apple.inputmethod.SCIM
2018-06-21 08:50:50.840 firefox-bin[10008:1502945] IMKInputSession [0x125411670 presentFunctionRowItemTextInputViewWithEndpoint:completionHandler:] : [self textInputContext]=0x134466d00 *NO* NSRemoteViewController to client, NSError=Error Domain=NSCocoaErrorDomain Code=4097 "connection from pid 0" UserInfo={NSDebugDescription=connection from pid 0}, com.apple.inputmethod.SCIM
2018-06-21 08:50:50.848 firefox-bin[10008:1502945] IMKInputSession [0x125411670 presentFunctionRowItemTextInputViewWithEndpoint:completionHandler:] : [self textInputContext]=0x134466d00 *NO* NSRemoteViewController to client, NSError=Error Domain=NSCocoaErrorDomain Code=4097 "connection from pid 0" UserInfo={NSDebugDescription=connection from pid 0}, com.apple.inputmethod.SCIM
2018-06-21 08:50:51.073 firefox-bin[10008:1502945] IMKInputSession [0x125411670 presentFunctionRowItemTextInputViewWithEndpoint:completionHandler:] : [self textInputContext]=0x134466d00 *NO* NSRemoteViewController to client, NSError=Error Domain=NSCocoaErrorDomain Code=4097 "connection from pid 0" UserInfo={NSDebugDescription=connection from pid 0}, com.apple.inputmethod.SCIM
2018-06-21 08:50:51.086 firefox-bin[10008:1502945] IMKInputSession [0x125411670 presentFunctionRowItemTextInputViewWithEndpoint:completionHandler:] : [self textInputContext]=0x134466d00 *NO* NSRemoteViewController to client, NSError=Error Domain=NSCocoaErrorDomain Code=4097 "connection from pid 0" UserInfo={NSDebugDescription=connection from pid 0}, com.apple.inputmethod.SCIM
2018-06-21 08:50:51.095 firefox-bin[10008:1502945] IMKInputSession [0x125411670 presentFunctionRowItemTextInputViewWithEndpoint:completionHandler:] : [self textInputContext]=0x134466d00 *NO* NSRemoteViewController to client, NSError=Error Domain=NSCocoaErrorDomain Code=4097 "connection from pid 0" UserInfo={NSDebugDescription=connection from pid 0}, com.apple.inputmethod.SCIM
2018-06-21 08:50:51.155 firefox-bin[10008:1502945] IMKInputSession [0x125411670 presentFunctionRowItemTextInputViewWithEndpoint:completionHandler:] : [self textInputContext]=0x134466d00 *NO* NSRemoteViewController to client, NSError=Error Domain=NSCocoaErrorDomain Code=4097 "connection from pid 0" UserInfo={NSDebugDescription=connection from pid 0}, com.apple.inputmethod.SCIM
2018-06-21 08:50:51.167 firefox-bin[10008:1502945] IMKInputSession [0x125411670 presentFunctionRowItemTextInputViewWithEndpoint:completionHandler:] : [self textInputContext]=0x134466d00 *NO* NSRemoteViewController to client, NSError=Error Domain=NSCocoaErrorDomain Code=4097 "connection from pid 0" UserInfo={NSDebugDescription=connection from pid 0}, com.apple.inputmethod.SCIM
2018-06-21 08:50:51.175 firefox-bin[10008:1502945] IMKInputSession [0x125411670 presentFunctionRowItemTextInputViewWithEndpoint:completionHandler:] : [self textInputContext]=0x134466d00 *NO* NSRemoteViewController to client, NSError=Error Domain=NSCocoaErrorDomain Code=4097 "connection from pid 0" UserInfo={NSDebugDescription=connection from pid 0}, com.apple.inputmethod.SCIM
2018-06-21 08:50:51.409 firefox-bin[10008:1502945] IMKInputSession [0x125411670 presentFunctionRowItemTextInputViewWithEndpoint:completionHandler:] : [self textInputContext]=0x134466d00 *NO* NSRemoteViewController to client, NSError=Error Domain=NSCocoaErrorDomain Code=4097 "connection from pid 0" UserInfo={NSDebugDescription=connection from pid 0}, com.apple.inputmethod.SCIM
2018-06-21 08:50:51.442 firefox-bin[10008:1502945] IMKInputSession [0x125411670 presentFunctionRowItemTextInputViewWithEndpoint:completionHandler:] : [self textInputContext]=0x134466d00 *NO* NSRemoteViewController to client, NSError=Error Domain=NSCocoaErrorDomain Code=4097 "connection from pid 0" UserInfo={NSDebugDescription=connection from pid 0}, com.apple.inputmethod.SCIM
2018-06-21 08:50:52.574 firefox-bin[10008:1502945] IMKInputSession [0x125411670 presentFunctionRowItemTextInputViewWithEndpoint:completionHandler:] : [self textInputContext]=0x134466d00 *NO* NSRemoteViewController to client, NSError=Error Domain=NSCocoaErrorDomain Code=4097 "connection from pid 0" UserInfo={NSDebugDescription=connection from pid 0}, com.apple.inputmethod.SCIM
2018-06-21 08:50:52.908 firefox-bin[10008:1502945] IMKInputSession [0x125411670 presentFunctionRowItemTextInputViewWithEndpoint:completionHandler:] : [self textInputContext]=0x134466d00 *NO* NSRemoteViewController to client, NSError=Error Domain=NSCocoaErrorDomain Code=4097 "connection from pid 0" UserInfo={NSDebugDescription=connection from pid 0}, com.apple.inputmethod.SCIM
2018-06-21 08:50:52.924 firefox-bin[10008:1502945] IMKInputSession [0x125411670 presentFunctionRowItemTextInputViewWithEndpoint:completionHandler:] : [self textInputContext]=0x134466d00 *NO* NSRemoteViewController to client, NSError=Error Domain=NSCocoaErrorDomain Code=4097 "connection from pid 0" UserInfo={NSDebugDescription=connection from pid 0}, com.apple.inputmethod.SCIM
2018-06-21 08:50:52.936 firefox-bin[10008:1502945] IMKInputSession [0x125411670 presentFunctionRowItemTextInputViewWithEndpoint:completionHandler:] : [self textInputContext]=0x134466d00 *NO* NSRemoteViewController to client, NSError=Error Domain=NSCocoaErrorDomain Code=4097 "connection from pid 0" UserInfo={NSDebugDescription=connection from pid 0}, com.apple.inputmethod.SCIM
2018-06-21 08:50:53.016 firefox-bin[10008:1502945] IMKInputSession [0x125411670 presentFunctionRowItemTextInputViewWithEndpoint:completionHandler:] : [self textInputContext]=0x134466d00 *NO* NSRemoteViewController to client, NSError=Error Domain=NSCocoaErrorDomain Code=4097 "connection from pid 0" UserInfo={NSDebugDescription=connection from pid 0}, com.apple.inputmethod.SCIM
2018-06-21 08:50:53.032 firefox-bin[10008:1502945] IMKInputSession [0x125411670 presentFunctionRowItemTextInputViewWithEndpoint:completionHandler:] : [self textInputContext]=0x134466d00 *NO* NSRemoteViewController to client, NSError=Error Domain=NSCocoaErrorDomain Code=4097 "connection from pid 0" UserInfo={NSDebugDescription=connection from pid 0}, com.apple.inputmethod.SCIM
2018-06-21 08:50:53.043 firefox-bin[10008:1502945] IMKInputSession [0x125411670 presentFunctionRowItemTextInputViewWithEndpoint:completionHandler:] : [self textInputContext]=0x134466d00 *NO* NSRemoteViewController to client, NSError=Error Domain=NSCocoaErrorDomain Code=4097 "connection from pid 0" UserInfo={NSDebugDescription=connection from pid 0}, com.apple.inputmethod.SCIM
2018-06-21 08:50:53.918 firefox-bin[10008:1502945] IMKInputSession [0x125411670 presentFunctionRowItemTextInputViewWithEndpoint:completionHandler:] : [self textInputContext]=0x134466d00 *NO* NSRemoteViewController to client, NSError=Error Domain=NSCocoaErrorDomain Code=4097 "connection from pid 0" UserInfo={NSDebugDescription=connection from pid 0}, com.apple.inputmethod.SCIM
2018-06-21 08:50:53.946 firefox-bin[10008:1502945] IMKInputSession [0x125411670 presentFunctionRowItemTextInputViewWithEndpoint:completionHandler:] : [self textInputContext]=0x134466d00 *NO* NSRemoteViewController to client, NSError=Error Domain=NSCocoaErrorDomain Code=4097 "connection from pid 0" UserInfo={NSDebugDescription=connection from pid 0}, com.apple.inputmethod.SCIM
2018-06-21 08:50:54.105 firefox-bin[10008:1502945] IMKInputSession [0x125411670 presentFunctionRowItemTextInputViewWithEndpoint:completionHandler:] : [self textInputContext]=0x134466d00 *NO* NSRemoteViewController to client, NSError=Error Domain=NSCocoaErrorDomain Code=4097 "connection from pid 0" UserInfo={NSDebugDescription=connection from pid 0}, com.apple.inputmethod.SCIM
2018-06-21 08:52:36.849 firefox-bin[10008:1502945] IMKInputSession [0x1274e4790 presentFunctionRowItemTextInputViewWithEndpoint:completionHandler:] : [self textInputContext]=0x134466d00 *NO* NSRemoteViewController to client, NSError=Error Domain=NSCocoaErrorDomain Code=4097 "connection from pid 0" UserInfo={NSDebugDescription=connection from pid 0}, com.apple.inputmethod.EmojiFunctionRowItem
2018-06-21 08:52:36.876 firefox-bin[10008:1502945] IMKInputSession [0x125411670 presentFunctionRowItemTextInputViewWithEndpoint:completionHandler:] : [self textInputContext]=0x134466d00 *NO* NSRemoteViewController to client, NSError=Error Domain=NSCocoaErrorDomain Code=4097 "connection from pid 0" UserInfo={NSDebugDescription=connection from pid 0}, com.apple.inputmethod.SCIM
2018-06-21 08:52:41.133 firefox-bin[10008:1502945] IMKInputSession [0x125411670 presentFunctionRowItemTextInputViewWithEndpoint:completionHandler:] : [self textInputContext]=0x134466d00 *NO* NSRemoteViewController to client, NSError=Error Domain=NSCocoaErrorDomain Code=4097 "connection from pid 0" UserInfo={NSDebugDescription=connection from pid 0}, com.apple.inputmethod.SCIM
2018-06-21 08:52:45.128 firefox-bin[10008:1502945] IMKInputSession [0x125411670 presentFunctionRowItemTextInputViewWithEndpoint:completionHandler:] : [self textInputContext]=0x134466d00 *NO* NSRemoteViewController to client, NSError=Error Domain=NSCocoaErrorDomain Code=4097 "connection from pid 0" UserInfo={NSDebugDescription=connection from pid 0}, com.apple.inputmethod.SCIM
2018-06-21 15:18:49.731 firefox-bin[10008:1502945] IMKInputSession [0x1274e4790 presentFunctionRowItemTextInputViewWithEndpoint:completionHandler:] : [self textInputContext]=0x134466d00 *NO* NSRemoteViewController to client, NSError=Error Domain=NSCocoaErrorDomain Code=4097 "connection from pid 0" UserInfo={NSDebugDescription=connection from pid 0}, com.apple.inputmethod.EmojiFunctionRowItem
2018-06-21 15:18:49.755 firefox-bin[10008:1502945] IMKInputSession [0x125411670 presentFunctionRowItemTextInputViewWithEndpoint:completionHandler:] : [self textInputContext]=0x134466d00 *NO* NSRemoteViewController to client, NSError=Error Domain=NSCocoaErrorDomain Code=4097 "connection from pid 0" UserInfo={NSDebugDescription=connection from pid 0}, com.apple.inputmethod.SCIM
2018-06-21 15:19:09.823 firefox-bin[10008:1502945] IMKInputSession [0x125411670 presentFunctionRowItemTextInputViewWithEndpoint:completionHandler:] : [self textInputContext]=0x134466d00 *NO* NSRemoteViewController to client, NSError=Error Domain=NSCocoaErrorDomain Code=4097 "connection from pid 0" UserInfo={NSDebugDescription=connection from pid 0}, com.apple.inputmethod.SCIM
2018-06-21 15:19:12.122 firefox-bin[10008:1502945] IMKInputSession [0x125411670 presentFunctionRowItemTextInputViewWithEndpoint:completionHandler:] : [self textInputContext]=0x134466d00 *NO* NSRemoteViewController to client, NSError=Error Domain=NSCocoaErrorDomain Code=4097 "connection from pid 0" UserInfo={NSDebugDescription=connection from pid 0}, com.apple.inputmethod.SCIM
2018-06-21 15:19:12.171 firefox-bin[10008:1502945] IMKInputSession [0x1274e4790 presentFunctionRowItemTextInputViewWithEndpoint:completionHandler:] : [self textInputContext]=0x134466d00 *NO* NSRemoteViewController to client, NSError=Error Domain=NSCocoaErrorDomain Code=4097 "connection from pid 0" UserInfo={NSDebugDescription=connection from pid 0}, com.apple.inputmethod.EmojiFunctionRowItem
2018-06-21 15:19:12.184 firefox-bin[10008:1502945] IMKInputSession [0x125411670 presentFunctionRowItemTextInputViewWithEndpoint:completionHandler:] : [self textInputContext]=0x134466d00 *NO* NSRemoteViewController to client, NSError=Error Domain=NSCocoaErrorDomain Code=4097 "connection from pid 0" UserInfo={NSDebugDescription=connection from pid 0}, com.apple.inputmethod.SCIM
2018-06-21 15:19:13.592 firefox-bin[10008:1502945] IMKInputSession [0x125411670 presentFunctionRowItemTextInputViewWithEndpoint:completionHandler:] : [self textInputContext]=0x134466d00 *NO* NSRemoteViewController to client, NSError=Error Domain=NSCocoaErrorDomain Code=4097 "connection from pid 0" UserInfo={NSDebugDescription=connection from pid 0}, com.apple.inputmethod.SCIM
2018-06-21 15:19:13.613 firefox-bin[10008:1502945] IMKInputSession [0x125411670 presentFunctionRowItemTextInputViewWithEndpoint:completionHandler:] : [self textInputContext]=0x134466d00 *NO* NSRemoteViewController to client, NSError=Error Domain=NSCocoaErrorDomain Code=4097 "connection from pid 0" UserInfo={NSDebugDescription=connection from pid 0}, com.apple.inputmethod.SCIM
2018-06-21 15:19:13.629 firefox-bin[10008:1502945] IMKInputSession [0x125411670 presentFunctionRowItemTextInputViewWithEndpoint:completionHandler:] : [self textInputContext]=0x134466d00 *NO* NSRemoteViewController to client, NSError=Error Domain=NSCocoaErrorDomain Code=4097 "connection from pid 0" UserInfo={NSDebugDescription=connection from pid 0}, com.apple.inputmethod.SCIM
2018-06-21 15:19:13.688 firefox-bin[10008:1502945] IMKInputSession [0x125411670 presentFunctionRowItemTextInputViewWithEndpoint:completionHandler:] : [self textInputContext]=0x134466d00 *NO* NSRemoteViewController to client, NSError=Error Domain=NSCocoaErrorDomain Code=4097 "connection from pid 0" UserInfo={NSDebugDescription=connection from pid 0}, com.apple.inputmethod.SCIM
2018-06-21 15:19:13.707 firefox-bin[10008:1502945] IMKInputSession [0x125411670 presentFunctionRowItemTextInputViewWithEndpoint:completionHandler:] : [self textInputContext]=0x134466d00 *NO* NSRemoteViewController to client, NSError=Error Domain=NSCocoaErrorDomain Code=4097 "connection from pid 0" UserInfo={NSDebugDescription=connection from pid 0}, com.apple.inputmethod.SCIM
2018-06-21 15:19:13.722 firefox-bin[10008:1502945] IMKInputSession [0x125411670 presentFunctionRowItemTextInputViewWithEndpoint:completionHandler:] : [self textInputContext]=0x134466d00 *NO* NSRemoteViewController to client, NSError=Error Domain=NSCocoaErrorDomain Code=4097 "connection from pid 0" UserInfo={NSDebugDescription=connection from pid 0}, com.apple.inputmethod.SCIM
2018-06-21 15:19:13.791 firefox-bin[10008:1502945] IMKInputSession [0x125411670 presentFunctionRowItemTextInputViewWithEndpoint:completionHandler:] : [self textInputContext]=0x134466d00 *NO* NSRemoteViewController to client, NSError=Error Domain=NSCocoaErrorDomain Code=4097 "connection from pid 0" UserInfo={NSDebugDescription=connection from pid 0}, com.apple.inputmethod.SCIM
2018-06-21 15:19:13.809 firefox-bin[10008:1502945] IMKInputSession [0x125411670 presentFunctionRowItemTextInputViewWithEndpoint:completionHandler:] : [self textInputContext]=0x134466d00 *NO* NSRemoteViewController to client, NSError=Error Domain=NSCocoaErrorDomain Code=4097 "connection from pid 0" UserInfo={NSDebugDescription=connection from pid 0}, com.apple.inputmethod.SCIM
2018-06-21 15:19:13.824 firefox-bin[10008:1502945] IMKInputSession [0x125411670 presentFunctionRowItemTextInputViewWithEndpoint:completionHandler:] : [self textInputContext]=0x134466d00 *NO* NSRemoteViewController to client, NSError=Error Domain=NSCocoaErrorDomain Code=4097 "connection from pid 0" UserInfo={NSDebugDescription=connection from pid 0}, com.apple.inputmethod.SCIM
2018-06-21 15:19:13.938 firefox-bin[10008:1502945] IMKInputSession [0x125411670 presentFunctionRowItemTextInputViewWithEndpoint:completionHandler:] : [self textInputContext]=0x134466d00 *NO* NSRemoteViewController to client, NSError=Error Domain=NSCocoaErrorDomain Code=4097 "connection from pid 0" UserInfo={NSDebugDescription=connection from pid 0}, com.apple.inputmethod.SCIM
2018-06-21 15:19:13.951 firefox-bin[10008:1502945] IMKInputSession [0x125411670 presentFunctionRowItemTextInputViewWithEndpoint:completionHandler:] : [self textInputContext]=0x134466d00 *NO* NSRemoteViewController to client, NSError=Error Domain=NSCocoaErrorDomain Code=4097 "connection from pid 0" UserInfo={NSDebugDescription=connection from pid 0}, com.apple.inputmethod.SCIM
2018-06-21 15:19:13.960 firefox-bin[10008:1502945] IMKInputSession [0x125411670 presentFunctionRowItemTextInputViewWithEndpoint:completionHandler:] : [self textInputContext]=0x134466d00 *NO* NSRemoteViewController to client, NSError=Error Domain=NSCocoaErrorDomain Code=4097 "connection from pid 0" UserInfo={NSDebugDescription=connection from pid 0}, com.apple.inputmethod.SCIM
2018-06-21 15:19:14.451 firefox-bin[10008:1502945] IMKInputSession [0x125411670 presentFunctionRowItemTextInputViewWithEndpoint:completionHandler:] : [self textInputContext]=0x134466d00 *NO* NSRemoteViewController to client, NSError=Error Domain=NSCocoaErrorDomain Code=4097 "connection from pid 0" UserInfo={NSDebugDescription=connection from pid 0}, com.apple.inputmethod.SCIM
2018-06-21 15:19:14.477 firefox-bin[10008:1502945] IMKInputSession [0x125411670 presentFunctionRowItemTextInputViewWithEndpoint:completionHandler:] : [self textInputContext]=0x134466d00 *NO* NSRemoteViewController to client, NSError=Error Domain=NSCocoaErrorDomain Code=4097 "connection from pid 0" UserInfo={NSDebugDescription=connection from pid 0}, com.apple.inputmethod.SCIM
2018-06-21 15:19:14.631 firefox-bin[10008:1502945] IMKInputSession [0x125411670 presentFunctionRowItemTextInputViewWithEndpoint:completionHandler:] : [self textInputContext]=0x134466d00 *NO* NSRemoteViewController to client, NSError=Error Domain=NSCocoaErrorDomain Code=4097 "connection from pid 0" UserInfo={NSDebugDescription=connection from pid 0}, com.apple.inputmethod.SCIM
2018-06-21 15:19:14.649 firefox-bin[10008:1502945] IMKInputSession [0x125411670 presentFunctionRowItemTextInputViewWithEndpoint:completionHandler:] : [self textInputContext]=0x134466d00 *NO* NSRemoteViewController to client, NSError=Error Domain=NSCocoaErrorDomain Code=4097 "connection from pid 0" UserInfo={NSDebugDescription=connection from pid 0}, com.apple.inputmethod.SCIM
2018-06-21 15:19:14.664 firefox-bin[10008:1502945] IMKInputSession [0x125411670 presentFunctionRowItemTextInputViewWithEndpoint:completionHandler:] : [self textInputContext]=0x134466d00 *NO* NSRemoteViewController to client, NSError=Error Domain=NSCocoaErrorDomain Code=4097 "connection from pid 0" UserInfo={NSDebugDescription=connection from pid 0}, com.apple.inputmethod.SCIM
2018-06-21 15:19:14.762 firefox-bin[10008:1502945] IMKInputSession [0x125411670 presentFunctionRowItemTextInputViewWithEndpoint:completionHandler:] : [self textInputContext]=0x134466d00 *NO* NSRemoteViewController to client, NSError=Error Domain=NSCocoaErrorDomain Code=4097 "connection from pid 0" UserInfo={NSDebugDescription=connection from pid 0}, com.apple.inputmethod.SCIM
2018-06-21 15:19:14.779 firefox-bin[10008:1502945] IMKInputSession [0x125411670 presentFunctionRowItemTextInputViewWithEndpoint:completionHandler:] : [self textInputContext]=0x134466d00 *NO* NSRemoteViewController to client, NSError=Error Domain=NSCocoaErrorDomain Code=4097 "connection from pid 0" UserInfo={NSDebugDescription=connection from pid 0}, com.apple.inputmethod.SCIM
2018-06-21 15:19:14.792 firefox-bin[10008:1502945] IMKInputSession [0x125411670 presentFunctionRowItemTextInputViewWithEndpoint:completionHandler:] : [self textInputContext]=0x134466d00 *NO* NSRemoteViewController to client, NSError=Error Domain=NSCocoaErrorDomain Code=4097 "connection from pid 0" UserInfo={NSDebugDescription=connection from pid 0}, com.apple.inputmethod.SCIM
2018-06-21 15:19:14.923 firefox-bin[10008:1502945] IMKInputSession [0x125411670 presentFunctionRowItemTextInputViewWithEndpoint:completionHandler:] : [self textInputContext]=0x134466d00 *NO* NSRemoteViewController to client, NSError=Error Domain=NSCocoaErrorDomain Code=4097 "connection from pid 0" UserInfo={NSDebugDescription=connection from pid 0}, com.apple.inputmethod.SCIM
2018-06-21 15:19:14.943 firefox-bin[10008:1502945] IMKInputSession [0x125411670 presentFunctionRowItemTextInputViewWithEndpoint:completionHandler:] : [self textInputContext]=0x134466d00 *NO* NSRemoteViewController to client, NSError=Error Domain=NSCocoaErrorDomain Code=4097 "connection from pid 0" UserInfo={NSDebugDescription=connection from pid 0}, com.apple.inputmethod.SCIM
2018-06-21 15:19:14.961 firefox-bin[10008:1502945] IMKInputSession [0x125411670 presentFunctionRowItemTextInputViewWithEndpoint:completionHandler:] : [self textInputContext]=0x134466d00 *NO* NSRemoteViewController to client, NSError=Error Domain=NSCocoaErrorDomain Code=4097 "connection from pid 0" UserInfo={NSDebugDescription=connection from pid 0}, com.apple.inputmethod.SCIM
2018-06-21 15:19:15.025 firefox-bin[10008:1502945] IMKInputSession [0x125411670 presentFunctionRowItemTextInputViewWithEndpoint:completionHandler:] : [self textInputContext]=0x134466d00 *NO* NSRemoteViewController to client, NSError=Error Domain=NSCocoaErrorDomain Code=4097 "connection from pid 0" UserInfo={NSDebugDescription=connection from pid 0}, com.apple.inputmethod.SCIM
2018-06-21 15:19:15.037 firefox-bin[10008:1502945] IMKInputSession [0x125411670 presentFunctionRowItemTextInputViewWithEndpoint:completionHandler:] : [self textInputContext]=0x134466d00 *NO* NSRemoteViewController to client, NSError=Error Domain=NSCocoaErrorDomain Code=4097 "connection from pid 0" UserInfo={NSDebugDescription=connection from pid 0}, com.apple.inputmethod.SCIM
2018-06-21 15:19:15.046 firefox-bin[10008:1502945] IMKInputSession [0x125411670 presentFunctionRowItemTextInputViewWithEndpoint:completionHandler:] : [self textInputContext]=0x134466d00 *NO* NSRemoteViewController to client, NSError=Error Domain=NSCocoaErrorDomain Code=4097 "connection from pid 0" UserInfo={NSDebugDescription=connection from pid 0}, com.apple.inputmethod.SCIM
2018-06-21 15:19:15.107 firefox-bin[10008:1502945] IMKInputSession [0x125411670 presentFunctionRowItemTextInputViewWithEndpoint:completionHandler:] : [self textInputContext]=0x134466d00 *NO* NSRemoteViewController to client, NSError=Error Domain=NSCocoaErrorDomain Code=4097 "connection from pid 0" UserInfo={NSDebugDescription=connection from pid 0}, com.apple.inputmethod.SCIM
2018-06-21 15:19:15.120 firefox-bin[10008:1502945] IMKInputSession [0x125411670 presentFunctionRowItemTextInputViewWithEndpoint:completionHandler:] : [self textInputContext]=0x134466d00 *NO* NSRemoteViewController to client, NSError=Error Domain=NSCocoaErrorDomain Code=4097 "connection from pid 0" UserInfo={NSDebugDescription=connection from pid 0}, com.apple.inputmethod.SCIM
2018-06-21 15:19:15.130 firefox-bin[10008:1502945] IMKInputSession [0x125411670 presentFunctionRowItemTextInputViewWithEndpoint:completionHandler:] : [self textInputContext]=0x134466d00 *NO* NSRemoteViewController to client, NSError=Error Domain=NSCocoaErrorDomain Code=4097 "connection from pid 0" UserInfo={NSDebugDescription=connection from pid 0}, com.apple.inputmethod.SCIM
2018-06-21 15:19:15.176 firefox-bin[10008:1502945] IMKInputSession [0x125411670 presentFunctionRowItemTextInputViewWithEndpoint:completionHandler:] : [self textInputContext]=0x134466d00 *NO* NSRemoteViewController to client, NSError=Error Domain=NSCocoaErrorDomain Code=4097 "connection from pid 0" UserInfo={NSDebugDescription=connection from pid 0}, com.apple.inputmethod.SCIM
2018-06-21 15:19:15.189 firefox-bin[10008:1502945] IMKInputSession [0x125411670 presentFunctionRowItemTextInputViewWithEndpoint:completionHandler:] : [self textInputContext]=0x134466d00 *NO* NSRemoteViewController to client, NSError=Error Domain=NSCocoaErrorDomain Code=4097 "connection from pid 0" UserInfo={NSDebugDescription=connection from pid 0}, com.apple.inputmethod.SCIM
2018-06-21 15:19:15.199 firefox-bin[10008:1502945] IMKInputSession [0x125411670 presentFunctionRowItemTextInputViewWithEndpoint:completionHandler:] : [self textInputContext]=0x134466d00 *NO* NSRemoteViewController to client, NSError=Error Domain=NSCocoaErrorDomain Code=4097 "connection from pid 0" UserInfo={NSDebugDescription=connection from pid 0}, com.apple.inputmethod.SCIM
2018-06-21 15:19:15.302 firefox-bin[10008:1502945] IMKInputSession [0x125411670 presentFunctionRowItemTextInputViewWithEndpoint:completionHandler:] : [self textInputContext]=0x134466d00 *NO* NSRemoteViewController to client, NSError=Error Domain=NSCocoaErrorDomain Code=4097 "connection from pid 0" UserInfo={NSDebugDescription=connection from pid 0}, com.apple.inputmethod.SCIM
2018-06-21 15:19:15.314 firefox-bin[10008:1502945] IMKInputSession [0x125411670 presentFunctionRowItemTextInputViewWithEndpoint:completionHandler:] : [self textInputContext]=0x134466d00 *NO* NSRemoteViewController to client, NSError=Error Domain=NSCocoaErrorDomain Code=4097 "connection from pid 0" UserInfo={NSDebugDescription=connection from pid 0}, com.apple.inputmethod.SCIM
2018-06-21 15:19:15.323 firefox-bin[10008:1502945] IMKInputSession [0x125411670 presentFunctionRowItemTextInputViewWithEndpoint:completionHandler:] : [self textInputContext]=0x134466d00 *NO* NSRemoteViewController to client, NSError=Error Domain=NSCocoaErrorDomain Code=4097 "connection from pid 0" UserInfo={NSDebugDescription=connection from pid 0}, com.apple.inputmethod.SCIM
2018-06-21 15:19:15.374 firefox-bin[10008:1502945] IMKInputSession [0x125411670 presentFunctionRowItemTextInputViewWithEndpoint:completionHandler:] : [self textInputContext]=0x134466d00 *NO* NSRemoteViewController to client, NSError=Error Domain=NSCocoaErrorDomain Code=4097 "connection from pid 0" UserInfo={NSDebugDescription=connection from pid 0}, com.apple.inputmethod.SCIM
2018-06-21 15:19:15.385 firefox-bin[10008:1502945] IMKInputSession [0x125411670 presentFunctionRowItemTextInputViewWithEndpoint:completionHandler:] : [self textInputContext]=0x134466d00 *NO* NSRemoteViewController to client, NSError=Error Domain=NSCocoaErrorDomain Code=4097 "connection from pid 0" UserInfo={NSDebugDescription=connection from pid 0}, com.apple.inputmethod.SCIM
2018-06-21 15:19:15.394 firefox-bin[10008:1502945] IMKInputSession [0x125411670 presentFunctionRowItemTextInputViewWithEndpoint:completionHandler:] : [self textInputContext]=0x134466d00 *NO* NSRemoteViewController to client, NSError=Error Domain=NSCocoaErrorDomain Code=4097 "connection from pid 0" UserInfo={NSDebugDescription=connection from pid 0}, com.apple.inputmethod.SCIM
2018-06-21 15:19:15.493 firefox-bin[10008:1502945] IMKInputSession [0x125411670 presentFunctionRowItemTextInputViewWithEndpoint:completionHandler:] : [self textInputContext]=0x134466d00 *NO* NSRemoteViewController to client, NSError=Error Domain=NSCocoaErrorDomain Code=4097 "connection from pid 0" UserInfo={NSDebugDescription=connection from pid 0}, com.apple.inputmethod.SCIM
2018-06-21 15:19:15.506 firefox-bin[10008:1502945] IMKInputSession [0x125411670 presentFunctionRowItemTextInputViewWithEndpoint:completionHandler:] : [self textInputContext]=0x134466d00 *NO* NSRemoteViewController to client, NSError=Error Domain=NSCocoaErrorDomain Code=4097 "connection from pid 0" UserInfo={NSDebugDescription=connection from pid 0}, com.apple.inputmethod.SCIM
2018-06-21 15:19:15.516 firefox-bin[10008:1502945] IMKInputSession [0x125411670 presentFunctionRowItemTextInputViewWithEndpoint:completionHandler:] : [self textInputContext]=0x134466d00 *NO* NSRemoteViewController to client, NSError=Error Domain=NSCocoaErrorDomain Code=4097 "connection from pid 0" UserInfo={NSDebugDescription=connection from pid 0}, com.apple.inputmethod.SCIM
2018-06-21 15:19:15.620 firefox-bin[10008:1502945] IMKInputSession [0x125411670 presentFunctionRowItemTextInputViewWithEndpoint:completionHandler:] : [self textInputContext]=0x134466d00 *NO* NSRemoteViewController to client, NSError=Error Domain=NSCocoaErrorDomain Code=4097 "connection from pid 0" UserInfo={NSDebugDescription=connection from pid 0}, com.apple.inputmethod.SCIM
2018-06-21 15:19:15.646 firefox-bin[10008:1502945] IMKInputSession [0x125411670 presentFunctionRowItemTextInputViewWithEndpoint:completionHandler:] : [self textInputContext]=0x134466d00 *NO* NSRemoteViewController to client, NSError=Error Domain=NSCocoaErrorDomain Code=4097 "connection from pid 0" UserInfo={NSDebugDescription=connection from pid 0}, com.apple.inputmethod.SCIM
2018-06-21 15:19:17.265 firefox-bin[10008:1502945] IMKInputSession [0x125411670 presentFunctionRowItemTextInputViewWithEndpoint:completionHandler:] : [self textInputContext]=0x134466d00 *NO* NSRemoteViewController to client, NSError=Error Domain=NSCocoaErrorDomain Code=4097 "connection from pid 0" UserInfo={NSDebugDescription=connection from pid 0}, com.apple.inputmethod.SCIM
2018-06-21 15:19:18.291 firefox-bin[10008:1502945] IMKInputSession [0x125411670 presentFunctionRowItemTextInputViewWithEndpoint:completionHandler:] : [self textInputContext]=0x134466d00 *NO* NSRemoteViewController to client, NSError=Error Domain=NSCocoaErrorDomain Code=4097 "connection from pid 0" UserInfo={NSDebugDescription=connection from pid 0}, com.apple.inputmethod.SCIM
2018-06-21 15:19:18.310 firefox-bin[10008:1502945] IMKInputSession [0x125411670 presentFunctionRowItemTextInputViewWithEndpoint:completionHandler:] : [self textInputContext]=0x134466d00 *NO* NSRemoteViewController to client, NSError=Error Domain=NSCocoaErrorDomain Code=4097 "connection from pid 0" UserInfo={NSDebugDescription=connection from pid 0}, com.apple.inputmethod.SCIM
2018-06-21 15:19:18.324 firefox-bin[10008:1502945] IMKInputSession [0x125411670 presentFunctionRowItemTextInputViewWithEndpoint:completionHandler:] : [self textInputContext]=0x134466d00 *NO* NSRemoteViewController to client, NSError=Error Domain=NSCocoaErrorDomain Code=4097 "connection from pid 0" UserInfo={NSDebugDescription=connection from pid 0}, com.apple.inputmethod.SCIM
2018-06-21 15:19:18.394 firefox-bin[10008:1502945] IMKInputSession [0x125411670 presentFunctionRowItemTextInputViewWithEndpoint:completionHandler:] : [self textInputContext]=0x134466d00 *NO* NSRemoteViewController to client, NSError=Error Domain=NSCocoaErrorDomain Code=4097 "connection from pid 0" UserInfo={NSDebugDescription=connection from pid 0}, com.apple.inputmethod.SCIM
2018-06-21 15:19:18.409 firefox-bin[10008:1502945] IMKInputSession [0x125411670 presentFunctionRowItemTextInputViewWithEndpoint:completionHandler:] : [self textInputContext]=0x134466d00 *NO* NSRemoteViewController to client, NSError=Error Domain=NSCocoaErrorDomain Code=4097 "connection from pid 0" UserInfo={NSDebugDescription=connection from pid 0}, com.apple.inputmethod.SCIM
2018-06-21 15:19:18.421 firefox-bin[10008:1502945] IMKInputSession [0x125411670 presentFunctionRowItemTextInputViewWithEndpoint:completionHandler:] : [self textInputContext]=0x134466d00 *NO* NSRemoteViewController to client, NSError=Error Domain=NSCocoaErrorDomain Code=4097 "connection from pid 0" UserInfo={NSDebugDescription=connection from pid 0}, com.apple.inputmethod.SCIM
2018-06-21 15:19:18.547 firefox-bin[10008:1502945] IMKInputSession [0x125411670 presentFunctionRowItemTextInputViewWithEndpoint:completionHandler:] : [self textInputContext]=0x134466d00 *NO* NSRemoteViewController to client, NSError=Error Domain=NSCocoaErrorDomain Code=4097 "connection from pid 0" UserInfo={NSDebugDescription=connection from pid 0}, com.apple.inputmethod.SCIM
2018-06-21 15:19:18.561 firefox-bin[10008:1502945] IMKInputSession [0x125411670 presentFunctionRowItemTextInputViewWithEndpoint:completionHandler:] : [self textInputContext]=0x134466d00 *NO* NSRemoteViewController to client, NSError=Error Domain=NSCocoaErrorDomain Code=4097 "connection from pid 0" UserInfo={NSDebugDescription=connection from pid 0}, com.apple.inputmethod.SCIM
2018-06-21 15:19:18.572 firefox-bin[10008:1502945] IMKInputSession [0x125411670 presentFunctionRowItemTextInputViewWithEndpoint:completionHandler:] : [self textInputContext]=0x134466d00 *NO* NSRemoteViewController to client, NSError=Error Domain=NSCocoaErrorDomain Code=4097 "connection from pid 0" UserInfo={NSDebugDescription=connection from pid 0}, com.apple.inputmethod.SCIM
2018-06-21 15:19:18.630 firefox-bin[10008:1502945] IMKInputSession [0x125411670 presentFunctionRowItemTextInputViewWithEndpoint:completionHandler:] : [self textInputContext]=0x134466d00 *NO* NSRemoteViewController to client, NSError=Error Domain=NSCocoaErrorDomain Code=4097 "connection from pid 0" UserInfo={NSDebugDescription=connection from pid 0}, com.apple.inputmethod.SCIM
2018-06-21 15:19:18.645 firefox-bin[10008:1502945] IMKInputSession [0x125411670 presentFunctionRowItemTextInputViewWithEndpoint:completionHandler:] : [self textInputContext]=0x134466d00 *NO* NSRemoteViewController to client, NSError=Error Domain=NSCocoaErrorDomain Code=4097 "connection from pid 0" UserInfo={NSDebugDescription=connection from pid 0}, com.apple.inputmethod.SCIM
2018-06-21 15:19:18.658 firefox-bin[10008:1502945] IMKInputSession [0x125411670 presentFunctionRowItemTextInputViewWithEndpoint:completionHandler:] : [self textInputContext]=0x134466d00 *NO* NSRemoteViewController to client, NSError=Error Domain=NSCocoaErrorDomain Code=4097 "connection from pid 0" UserInfo={NSDebugDescription=connection from pid 0}, com.apple.inputmethod.SCIM
2018-06-21 15:19:18.831 firefox-bin[10008:1502945] IMKInputSession [0x125411670 presentFunctionRowItemTextInputViewWithEndpoint:completionHandler:] : [self textInputContext]=0x134466d00 *NO* NSRemoteViewController to client, NSError=Error Domain=NSCocoaErrorDomain Code=4097 "connection from pid 0" UserInfo={NSDebugDescription=connection from pid 0}, com.apple.inputmethod.SCIM
2018-06-21 15:19:18.849 firefox-bin[10008:1502945] IMKInputSession [0x125411670 presentFunctionRowItemTextInputViewWithEndpoint:completionHandler:] : [self textInputContext]=0x134466d00 *NO* NSRemoteViewController to client, NSError=Error Domain=NSCocoaErrorDomain Code=4097 "connection from pid 0" UserInfo={NSDebugDescription=connection from pid 0}, com.apple.inputmethod.SCIM
2018-06-21 15:19:18.864 firefox-bin[10008:1502945] IMKInputSession [0x125411670 presentFunctionRowItemTextInputViewWithEndpoint:completionHandler:] : [self textInputContext]=0x134466d00 *NO* NSRemoteViewController to client, NSError=Error Domain=NSCocoaErrorDomain Code=4097 "connection from pid 0" UserInfo={NSDebugDescription=connection from pid 0}, com.apple.inputmethod.SCIM
2018-06-21 15:19:18.921 firefox-bin[10008:1502945] IMKInputSession [0x125411670 presentFunctionRowItemTextInputViewWithEndpoint:completionHandler:] : [self textInputContext]=0x134466d00 *NO* NSRemoteViewController to client, NSError=Error Domain=NSCocoaErrorDomain Code=4097 "connection from pid 0" UserInfo={NSDebugDescription=connection from pid 0}, com.apple.inputmethod.SCIM
2018-06-21 15:19:18.934 firefox-bin[10008:1502945] IMKInputSession [0x125411670 presentFunctionRowItemTextInputViewWithEndpoint:completionHandler:] : [self textInputContext]=0x134466d00 *NO* NSRemoteViewController to client, NSError=Error Domain=NSCocoaErrorDomain Code=4097 "connection from pid 0" UserInfo={NSDebugDescription=connection from pid 0}, com.apple.inputmethod.SCIM
2018-06-21 15:19:18.944 firefox-bin[10008:1502945] IMKInputSession [0x125411670 presentFunctionRowItemTextInputViewWithEndpoint:completionHandler:] : [self textInputContext]=0x134466d00 *NO* NSRemoteViewController to client, NSError=Error Domain=NSCocoaErrorDomain Code=4097 "connection from pid 0" UserInfo={NSDebugDescription=connection from pid 0}, com.apple.inputmethod.SCIM
2018-06-21 15:19:19.024 firefox-bin[10008:1502945] IMKInputSession [0x125411670 presentFunctionRowItemTextInputViewWithEndpoint:completionHandler:] : [self textInputContext]=0x134466d00 *NO* NSRemoteViewController to client, NSError=Error Domain=NSCocoaErrorDomain Code=4097 "connection from pid 0" UserInfo={NSDebugDescription=connection from pid 0}, com.apple.inputmethod.SCIM
2018-06-21 15:19:19.052 firefox-bin[10008:1502945] IMKInputSession [0x125411670 presentFunctionRowItemTextInputViewWithEndpoint:completionHandler:] : [self textInputContext]=0x134466d00 *NO* NSRemoteViewController to client, NSError=Error Domain=NSCocoaErrorDomain Code=4097 "connection from pid 0" UserInfo={NSDebugDescription=connection from pid 0}, com.apple.inputmethod.SCIM
2018-06-21 15:19:19.220 firefox-bin[10008:1502945] IMKInputSession [0x125411670 presentFunctionRowItemTextInputViewWithEndpoint:completionHandler:] : [self textInputContext]=0x134466d00 *NO* NSRemoteViewController to client, NSError=Error Domain=NSCocoaErrorDomain Code=4097 "connection from pid 0" UserInfo={NSDebugDescription=connection from pid 0}, com.apple.inputmethod.SCIM
2018-06-21 15:19:43.847 firefox-bin[10008:1502945] IMKInputSession [0x1274e4790 presentFunctionRowItemTextInputViewWithEndpoint:completionHandler:] : [self textInputContext]=0x134466d00 *NO* NSRemoteViewController to client, NSError=Error Domain=NSCocoaErrorDomain Code=4097 "connection from pid 0" UserInfo={NSDebugDescription=connection from pid 0}, com.apple.inputmethod.EmojiFunctionRowItem
2018-06-21 15:19:43.874 firefox-bin[10008:1502945] IMKInputSession [0x125411670 presentFunctionRowItemTextInputViewWithEndpoint:completionHandler:] : [self textInputContext]=0x134466d00 *NO* NSRemoteViewController to client, NSError=Error Domain=NSCocoaErrorDomain Code=4097 "connection from pid 0" UserInfo={NSDebugDescription=connection from pid 0}, com.apple.inputmethod.SCIM
2018-06-21 15:19:44.257 firefox-bin[10008:1502945] IMKInputSession [0x125411670 presentFunctionRowItemTextInputViewWithEndpoint:completionHandler:] : [self textInputContext]=0x134466d00 *NO* NSRemoteViewController to client, NSError=Error Domain=NSCocoaErrorDomain Code=4097 "connection from pid 0" UserInfo={NSDebugDescription=connection from pid 0}, com.apple.inputmethod.SCIM
2018-06-21 15:19:44.294 firefox-bin[10008:1502945] IMKInputSession [0x1274e4790 presentFunctionRowItemTextInputViewWithEndpoint:completionHandler:] : [self textInputContext]=0x134466d00 *NO* NSRemoteViewController to client, NSError=Error Domain=NSCocoaErrorDomain Code=4097 "connection from pid 0" UserInfo={NSDebugDescription=connection from pid 0}, com.apple.inputmethod.EmojiFunctionRowItem
2018-06-21 15:19:44.324 firefox-bin[10008:1502945] IMKInputSession [0x125411670 presentFunctionRowItemTextInputViewWithEndpoint:completionHandler:] : [self textInputContext]=0x134466d00 *NO* NSRemoteViewController to client, NSError=Error Domain=NSCocoaErrorDomain Code=4097 "connection from pid 0" UserInfo={NSDebugDescription=connection from pid 0}, com.apple.inputmethod.SCIM
2018-06-21 15:19:44.791 firefox-bin[10008:1502945] IMKInputSession [0x125411670 presentFunctionRowItemTextInputViewWithEndpoint:completionHandler:] : [self textInputContext]=0x134466d00 *NO* NSRemoteViewController to client, NSError=Error Domain=NSCocoaErrorDomain Code=4097 "connection from pid 0" UserInfo={NSDebugDescription=connection from pid 0}, com.apple.inputmethod.SCIM
2018-06-21 15:19:44.921 firefox-bin[10008:1502945] IMKInputSession [0x125411670 presentFunctionRowItemTextInputViewWithEndpoint:completionHandler:] : [self textInputContext]=0x134466d00 *NO* NSRemoteViewController to client, NSError=Error Domain=NSCocoaErrorDomain Code=4097 "connection from pid 0" UserInfo={NSDebugDescription=connection from pid 0}, com.apple.inputmethod.SCIM
2018-06-21 15:19:45.037 firefox-bin[10008:1502945] IMKInputSession [0x125411670 presentFunctionRowItemTextInputViewWithEndpoint:completionHandler:] : [self textInputContext]=0x134466d00 *NO* NSRemoteViewController to client, NSError=Error Domain=NSCocoaErrorDomain Code=4097 "connection from pid 0" UserInfo={NSDebugDescription=connection from pid 0}, com.apple.inputmethod.SCIM
2018-06-21 15:19:45.218 firefox-bin[10008:1502945] IMKInputSession [0x125411670 presentFunctionRowItemTextInputViewWithEndpoint:completionHandler:] : [self textInputContext]=0x134466d00 *NO* NSRemoteViewController to client, NSError=Error Domain=NSCocoaErrorDomain Code=4097 "connection from pid 0" UserInfo={NSDebugDescription=connection from pid 0}, com.apple.inputmethod.SCIM
2018-06-21 15:19:45.254 firefox-bin[10008:1502945] IMKInputSession [0x125411670 presentFunctionRowItemTextInputViewWithEndpoint:completionHandler:] : [self textInputContext]=0x134466d00 *NO* NSRemoteViewController to client, NSError=Error Domain=NSCocoaErrorDomain Code=4097 "connection from pid 0" UserInfo={NSDebugDescription=connection from pid 0}, com.apple.inputmethod.SCIM
2018-06-21 15:19:45.353 firefox-bin[10008:1502945] IMKInputSession [0x125411670 presentFunctionRowItemTextInputViewWithEndpoint:completionHandler:] : [self textInputContext]=0x134466d00 *NO* NSRemoteViewController to client, NSError=Error Domain=NSCocoaErrorDomain Code=4097 "connection from pid 0" UserInfo={NSDebugDescription=connection from pid 0}, com.apple.inputmethod.SCIM
2018-06-21 15:19:45.801 firefox-bin[10008:1502945] IMKInputSession [0x125411670 presentFunctionRowItemTextInputViewWithEndpoint:completionHandler:] : [self textInputContext]=0x134466d00 *NO* NSRemoteViewController to client, NSError=Error Domain=NSCocoaErrorDomain Code=4097 "connection from pid 0" UserInfo={NSDebugDescription=connection from pid 0}, com.apple.inputmethod.SCIM
2018-06-21 15:19:45.811 firefox-bin[10008:1502945] IMKInputSession [0x125411670 presentFunctionRowItemTextInputViewWithEndpoint:completionHandler:] : [self textInputContext]=0x134466d00 *NO* NSRemoteViewController to client, NSError=Error Domain=NSCocoaErrorDomain Code=4097 "connection from pid 0" UserInfo={NSDebugDescription=connection from pid 0}, com.apple.inputmethod.SCIM
2018-06-21 15:19:45.957 firefox-bin[10008:1502945] IMKInputSession [0x125411670 presentFunctionRowItemTextInputViewWithEndpoint:completionHandler:] : [self textInputContext]=0x134466d00 *NO* NSRemoteViewController to client, NSError=Error Domain=NSCocoaErrorDomain Code=4097 "connection from pid 0" UserInfo={NSDebugDescription=connection from pid 0}, com.apple.inputmethod.SCIM
2018-06-21 15:19:45.967 firefox-bin[10008:1502945] IMKInputSession [0x125411670 presentFunctionRowItemTextInputViewWithEndpoint:completionHandler:] : [self textInputContext]=0x134466d00 *NO* NSRemoteViewController to client, NSError=Error Domain=NSCocoaErrorDomain Code=4097 "connection from pid 0" UserInfo={NSDebugDescription=connection from pid 0}, com.apple.inputmethod.SCIM
2018-06-21 15:19:46.105 firefox-bin[10008:1502945] IMKInputSession [0x125411670 presentFunctionRowItemTextInputViewWithEndpoint:completionHandler:] : [self textInputContext]=0x134466d00 *NO* NSRemoteViewController to client, NSError=Error Domain=NSCocoaErrorDomain Code=4097 "connection from pid 0" UserInfo={NSDebugDescription=connection from pid 0}, com.apple.inputmethod.SCIM
2018-06-21 15:19:46.114 firefox-bin[10008:1502945] IMKInputSession [0x125411670 presentFunctionRowItemTextInputViewWithEndpoint:completionHandler:] : [self textInputContext]=0x134466d00 *NO* NSRemoteViewController to client, NSError=Error Domain=NSCocoaErrorDomain Code=4097 "connection from pid 0" UserInfo={NSDebugDescription=connection from pid 0}, com.apple.inputmethod.SCIM
2018-06-21 15:19:46.243 firefox-bin[10008:1502945] IMKInputSession [0x125411670 presentFunctionRowItemTextInputViewWithEndpoint:completionHandler:] : [self textInputContext]=0x134466d00 *NO* NSRemoteViewController to client, NSError=Error Domain=NSCocoaErrorDomain Code=4097 "connection from pid 0" UserInfo={NSDebugDescription=connection from pid 0}, com.apple.inputmethod.SCIM
2018-06-21 15:19:46.253 firefox-bin[10008:1502945] IMKInputSession [0x125411670 presentFunctionRowItemTextInputViewWithEndpoint:completionHandler:] : [self textInputContext]=0x134466d00 *NO* NSRemoteViewController to client, NSError=Error Domain=NSCocoaErrorDomain Code=4097 "connection from pid 0" UserInfo={NSDebugDescription=connection from pid 0}, com.apple.inputmethod.SCIM
2018-06-21 15:19:46.381 firefox-bin[10008:1502945] IMKInputSession [0x125411670 presentFunctionRowItemTextInputViewWithEndpoint:completionHandler:] : [self textInputContext]=0x134466d00 *NO* NSRemoteViewController to client, NSError=Error Domain=NSCocoaErrorDomain Code=4097 "connection from pid 0" UserInfo={NSDebugDescription=connection from pid 0}, com.apple.inputmethod.SCIM
2018-06-21 15:19:46.390 firefox-bin[10008:1502945] IMKInputSession [0x125411670 presentFunctionRowItemTextInputViewWithEndpoint:completionHandler:] : [self textInputContext]=0x134466d00 *NO* NSRemoteViewController to client, NSError=Error Domain=NSCocoaErrorDomain Code=4097 "connection from pid 0" UserInfo={NSDebugDescription=connection from pid 0}, com.apple.inputmethod.SCIM
2018-06-21 15:19:46.564 firefox-bin[10008:1502945] IMKInputSession [0x125411670 presentFunctionRowItemTextInputViewWithEndpoint:completionHandler:] : [self textInputContext]=0x134466d00 *NO* NSRemoteViewController to client, NSError=Error Domain=NSCocoaErrorDomain Code=4097 "connection from pid 0" UserInfo={NSDebugDescription=connection from pid 0}, com.apple.inputmethod.SCIM
2018-06-21 15:19:46.585 firefox-bin[10008:1502945] IMKInputSession [0x125411670 presentFunctionRowItemTextInputViewWithEndpoint:completionHandler:] : [self textInputContext]=0x134466d00 *NO* NSRemoteViewController to client, NSError=Error Domain=NSCocoaErrorDomain Code=4097 "connection from pid 0" UserInfo={NSDebugDescription=connection from pid 0}, com.apple.inputmethod.SCIM
2018-06-21 15:19:47.049 firefox-bin[10008:1502945] IMKInputSession [0x125411670 presentFunctionRowItemTextInputViewWithEndpoint:completionHandler:] : [self textInputContext]=0x134466d00 *NO* NSRemoteViewController to client, NSError=Error Domain=NSCocoaErrorDomain Code=4097 "connection from pid 0" UserInfo={NSDebugDescription=connection from pid 0}, com.apple.inputmethod.SCIM
2018-06-21 15:19:47.066 firefox-bin[10008:1502945] IMKInputSession [0x125411670 presentFunctionRowItemTextInputViewWithEndpoint:completionHandler:] : [self textInputContext]=0x134466d00 *NO* NSRemoteViewController to client, NSError=Error Domain=NSCocoaErrorDomain Code=4097 "connection from pid 0" UserInfo={NSDebugDescription=connection from pid 0}, com.apple.inputmethod.SCIM
2018-06-21 15:19:47.078 firefox-bin[10008:1502945] IMKInputSession [0x125411670 presentFunctionRowItemTextInputViewWithEndpoint:completionHandler:] : [self textInputContext]=0x134466d00 *NO* NSRemoteViewController to client, NSError=Error Domain=NSCocoaErrorDomain Code=4097 "connection from pid 0" UserInfo={NSDebugDescription=connection from pid 0}, com.apple.inputmethod.SCIM
2018-06-21 15:19:47.134 firefox-bin[10008:1502945] IMKInputSession [0x125411670 presentFunctionRowItemTextInputViewWithEndpoint:completionHandler:] : [self textInputContext]=0x134466d00 *NO* NSRemoteViewController to client, NSError=Error Domain=NSCocoaErrorDomain Code=4097 "connection from pid 0" UserInfo={NSDebugDescription=connection from pid 0}, com.apple.inputmethod.SCIM
2018-06-21 15:19:47.148 firefox-bin[10008:1502945] IMKInputSession [0x125411670 presentFunctionRowItemTextInputViewWithEndpoint:completionHandler:] : [self textInputContext]=0x134466d00 *NO* NSRemoteViewController to client, NSError=Error Domain=NSCocoaErrorDomain Code=4097 "connection from pid 0" UserInfo={NSDebugDescription=connection from pid 0}, com.apple.inputmethod.SCIM
2018-06-21 15:19:47.159 firefox-bin[10008:1502945] IMKInputSession [0x125411670 presentFunctionRowItemTextInputViewWithEndpoint:completionHandler:] : [self textInputContext]=0x134466d00 *NO* NSRemoteViewController to client, NSError=Error Domain=NSCocoaErrorDomain Code=4097 "connection from pid 0" UserInfo={NSDebugDescription=connection from pid 0}, com.apple.inputmethod.SCIM
2018-06-21 15:19:47.216 firefox-bin[10008:1502945] IMKInputSession [0x125411670 presentFunctionRowItemTextInputViewWithEndpoint:completionHandler:] : [self textInputContext]=0x134466d00 *NO* NSRemoteViewController to client, NSError=Error Domain=NSCocoaErrorDomain Code=4097 "connection from pid 0" UserInfo={NSDebugDescription=connection from pid 0}, com.apple.inputmethod.SCIM
2018-06-21 15:19:47.230 firefox-bin[10008:1502945] IMKInputSession [0x125411670 presentFunctionRowItemTextInputViewWithEndpoint:completionHandler:] : [self textInputContext]=0x134466d00 *NO* NSRemoteViewController to client, NSError=Error Domain=NSCocoaErrorDomain Code=4097 "connection from pid 0" UserInfo={NSDebugDescription=connection from pid 0}, com.apple.inputmethod.SCIM
2018-06-21 15:19:47.242 firefox-bin[10008:1502945] IMKInputSession [0x125411670 presentFunctionRowItemTextInputViewWithEndpoint:completionHandler:] : [self textInputContext]=0x134466d00 *NO* NSRemoteViewController to client, NSError=Error Domain=NSCocoaErrorDomain Code=4097 "connection from pid 0" UserInfo={NSDebugDescription=connection from pid 0}, com.apple.inputmethod.SCIM
2018-06-21 15:19:47.395 firefox-bin[10008:1502945] IMKInputSession [0x125411670 presentFunctionRowItemTextInputViewWithEndpoint:completionHandler:] : [self textInputContext]=0x134466d00 *NO* NSRemoteViewController to client, NSError=Error Domain=NSCocoaErrorDomain Code=4097 "connection from pid 0" UserInfo={NSDebugDescription=connection from pid 0}, com.apple.inputmethod.SCIM
2018-06-21 15:19:47.408 firefox-bin[10008:1502945] IMKInputSession [0x125411670 presentFunctionRowItemTextInputViewWithEndpoint:completionHandler:] : [self textInputContext]=0x134466d00 *NO* NSRemoteViewController to client, NSError=Error Domain=NSCocoaErrorDomain Code=4097 "connection from pid 0" UserInfo={NSDebugDescription=connection from pid 0}, com.apple.inputmethod.SCIM
2018-06-21 15:19:47.418 firefox-bin[10008:1502945] IMKInputSession [0x125411670 presentFunctionRowItemTextInputViewWithEndpoint:completionHandler:] : [self textInputContext]=0x134466d00 *NO* NSRemoteViewController to client, NSError=Error Domain=NSCocoaErrorDomain Code=4097 "connection from pid 0" UserInfo={NSDebugDescription=connection from pid 0}, com.apple.inputmethod.SCIM
2018-06-21 15:19:47.487 firefox-bin[10008:1502945] IMKInputSession [0x125411670 presentFunctionRowItemTextInputViewWithEndpoint:completionHandler:] : [self textInputContext]=0x134466d00 *NO* NSRemoteViewController to client, NSError=Error Domain=NSCocoaErrorDomain Code=4097 "connection from pid 0" UserInfo={NSDebugDescription=connection from pid 0}, com.apple.inputmethod.SCIM
2018-06-21 15:19:47.499 firefox-bin[10008:1502945] IMKInputSession [0x125411670 presentFunctionRowItemTextInputViewWithEndpoint:completionHandler:] : [self textInputContext]=0x134466d00 *NO* NSRemoteViewController to client, NSError=Error Domain=NSCocoaErrorDomain Code=4097 "connection from pid 0" UserInfo={NSDebugDescription=connection from pid 0}, com.apple.inputmethod.SCIM
2018-06-21 15:19:47.508 firefox-bin[10008:1502945] IMKInputSession [0x125411670 presentFunctionRowItemTextInputViewWithEndpoint:completionHandler:] : [self textInputContext]=0x134466d00 *NO* NSRemoteViewController to client, NSError=Error Domain=NSCocoaErrorDomain Code=4097 "connection from pid 0" UserInfo={NSDebugDescription=connection from pid 0}, com.apple.inputmethod.SCIM
2018-06-21 15:19:47.590 firefox-bin[10008:1502945] IMKInputSession [0x125411670 presentFunctionRowItemTextInputViewWithEndpoint:completionHandler:] : [self textInputContext]=0x134466d00 *NO* NSRemoteViewController to client, NSError=Error Domain=NSCocoaErrorDomain Code=4097 "connection from pid 0" UserInfo={NSDebugDescription=connection from pid 0}, com.apple.inputmethod.SCIM
2018-06-21 15:19:47.603 firefox-bin[10008:1502945] IMKInputSession [0x125411670 presentFunctionRowItemTextInputViewWithEndpoint:completionHandler:] : [self textInputContext]=0x134466d00 *NO* NSRemoteViewController to client, NSError=Error Domain=NSCocoaErrorDomain Code=4097 "connection from pid 0" UserInfo={NSDebugDescription=connection from pid 0}, com.apple.inputmethod.SCIM
2018-06-21 15:19:47.613 firefox-bin[10008:1502945] IMKInputSession [0x125411670 presentFunctionRowItemTextInputViewWithEndpoint:completionHandler:] : [self textInputContext]=0x134466d00 *NO* NSRemoteViewController to client, NSError=Error Domain=NSCocoaErrorDomain Code=4097 "connection from pid 0" UserInfo={NSDebugDescription=connection from pid 0}, com.apple.inputmethod.SCIM
2018-06-21 15:19:47.801 firefox-bin[10008:1502945] IMKInputSession [0x125411670 presentFunctionRowItemTextInputViewWithEndpoint:completionHandler:] : [self textInputContext]=0x134466d00 *NO* NSRemoteViewController to client, NSError=Error Domain=NSCocoaErrorDomain Code=4097 "connection from pid 0" UserInfo={NSDebugDescription=connection from pid 0}, com.apple.inputmethod.SCIM
2018-06-21 15:19:47.830 firefox-bin[10008:1502945] IMKInputSession [0x125411670 presentFunctionRowItemTextInputViewWithEndpoint:completionHandler:] : [self textInputContext]=0x134466d00 *NO* NSRemoteViewController to client, NSError=Error Domain=NSCocoaErrorDomain Code=4097 "connection from pid 0" UserInfo={NSDebugDescription=connection from pid 0}, com.apple.inputmethod.SCIM
2018-06-21 15:19:49.455 firefox-bin[10008:1502945] IMKInputSession [0x125411670 presentFunctionRowItemTextInputViewWithEndpoint:completionHandler:] : [self textInputContext]=0x134466d00 *NO* NSRemoteViewController to client, NSError=Error Domain=NSCocoaErrorDomain Code=4097 "connection from pid 0" UserInfo={NSDebugDescription=connection from pid 0}, com.apple.inputmethod.SCIM
2018-06-21 15:20:42.851 firefox-bin[10008:1502945] IMKInputSession [0x1274e4790 presentFunctionRowItemTextInputViewWithEndpoint:completionHandler:] : [self textInputContext]=0x134466d00 *NO* NSRemoteViewController to client, NSError=Error Domain=NSCocoaErrorDomain Code=4097 "connection from pid 0" UserInfo={NSDebugDescription=connection from pid 0}, com.apple.inputmethod.EmojiFunctionRowItem
2018-06-21 15:20:42.880 firefox-bin[10008:1502945] IMKInputSession [0x125411670 presentFunctionRowItemTextInputViewWithEndpoint:completionHandler:] : [self textInputContext]=0x134466d00 *NO* NSRemoteViewController to client, NSError=Error Domain=NSCocoaErrorDomain Code=4097 "connection from pid 0" UserInfo={NSDebugDescription=connection from pid 0}, com.apple.inputmethod.SCIM
2018-06-21 15:20:45.059 firefox-bin[10008:1502945] IMKInputSession [0x1274e4790 presentFunctionRowItemTextInputViewWithEndpoint:completionHandler:] : [self textInputContext]=0x134466d00 *NO* NSRemoteViewController to client, NSError=Error Domain=NSCocoaErrorDomain Code=4097 "connection from pid 0" UserInfo={NSDebugDescription=connection from pid 0}, com.apple.inputmethod.EmojiFunctionRowItem
2018-06-21 15:20:45.087 firefox-bin[10008:1502945] IMKInputSession [0x125411670 presentFunctionRowItemTextInputViewWithEndpoint:completionHandler:] : [self textInputContext]=0x134466d00 *NO* NSRemoteViewController to client, NSError=Error Domain=NSCocoaErrorDomain Code=4097 "connection from pid 0" UserInfo={NSDebugDescription=connection from pid 0}, com.apple.inputmethod.SCIM
2018-06-21 15:22:43.196 firefox-bin[9965:1501806] IMKInputSession [0x1220709d0 presentFunctionRowItemTextInputViewWithEndpoint:completionHandler:] : [self textInputContext]=0x12c554e80 *NO* NSRemoteViewController to client, NSError=Error Domain=NSCocoaErrorDomain Code=4097 "connection from pid 0" UserInfo={NSDebugDescription=connection from pid 0}, com.apple.inputmethod.EmojiFunctionRowItem
2018-06-21 15:22:43.221 firefox-bin[9965:1501806] IMKInputSession [0x1189dc9d0 presentFunctionRowItemTextInputViewWithEndpoint:completionHandler:] : [self textInputContext]=0x12c554e80 *NO* NSRemoteViewController to client, NSError=Error Domain=NSCocoaErrorDomain Code=4097 "connection from pid 0" UserInfo={NSDebugDescription=connection from pid 0}, com.apple.inputmethod.SCIM
2018-06-21 15:22:43.277 firefox-bin[9965:1501806] IMKInputSession [0x1220709d0 presentFunctionRowItemTextInputViewWithEndpoint:completionHandler:] : [self textInputContext]=0x12c554e80 *NO* NSRemoteViewController to client, NSError=Error Domain=NSCocoaErrorDomain Code=4097 "connection from pid 0" UserInfo={NSDebugDescription=connection from pid 0}, com.apple.inputmethod.EmojiFunctionRowItem
2018-06-21 15:22:43.304 firefox-bin[9965:1501806] IMKInputSession [0x1189dc9d0 presentFunctionRowItemTextInputViewWithEndpoint:completionHandler:] : [self textInputContext]=0x12c554e80 *NO* NSRemoteViewController to client, NSError=Error Domain=NSCocoaErrorDomain Code=4097 "connection from pid 0" UserInfo={NSDebugDescription=connection from pid 0}, com.apple.inputmethod.SCIM
2018-06-21 15:22:43.599 plugin-container[11811:2604321] *** CFMessagePort: bootstrap_register(): failed 1100 (0x44c) 'Permission denied', port = 0x8333, name = 'com.apple.tsm.portname'
See /usr/include/servers/bootstrap_defs.h for the error codes.
2018-06-21 15:22:43.823 plugin-container[11811:2604321] *** CFMessagePort: bootstrap_register(): failed 1100 (0x44c) 'Permission denied', port = 0x291b, name = 'com.apple.coredrag'
See /usr/include/servers/bootstrap_defs.h for the error codes.
2018-06-21 15:22:47.459 firefox-bin[9965:1501806] IMKInputSession [0x1189dc9d0 presentFunctionRowItemTextInputViewWithEndpoint:completionHandler:] : [self textInputContext]=0x12c554e80 *NO* NSRemoteViewController to client, NSError=Error Domain=NSCocoaErrorDomain Code=4097 "connection from pid 0" UserInfo={NSDebugDescription=connection from pid 0}, com.apple.inputmethod.SCIM
