1529474740545	geckodriver	INFO	geckodriver 0.20.1
1529474740555	geckodriver	INFO	Listening on 127.0.0.1:59870
1529474741556	mozrunner::runner	INFO	Running command: "/Applications/Firefox.app/Contents/MacOS/firefox-bin" "-marionette" "-profile" "/var/folders/nq/0mpynycd6mg_8903k89bx5f00000gn/T/rust_mozprofile.BTgK5OgID2lG"
2018-06-20 14:05:42.845 plugin-container[8685:823904] *** CFMessagePort: bootstrap_register(): failed 1100 (0x44c) 'Permission denied', port = 0x7537, name = 'com.apple.tsm.portname'
See /usr/include/servers/bootstrap_defs.h for the error codes.
2018-06-20 14:05:42.932 plugin-container[8685:823904] *** CFMessagePort: bootstrap_register(): failed 1100 (0x44c) 'Permission denied', port = 0x252b, name = 'com.apple.coredrag'
See /usr/include/servers/bootstrap_defs.h for the error codes.
1529474743413	Marionette	INFO	Listening on port 59883
1529474743449	Marionette	WARN	TLS certificate errors will be ignored for this session
2018-06-20 14:05:43.858 plugin-container[8686:823989] *** CFMessagePort: bootstrap_register(): failed 1100 (0x44c) 'Permission denied', port = 0x743b, name = 'com.apple.tsm.portname'
See /usr/include/servers/bootstrap_defs.h for the error codes.
2018-06-20 14:05:43.944 plugin-container[8686:823989] *** CFMessagePort: bootstrap_register(): failed 1100 (0x44c) 'Permission denied', port = 0x261b, name = 'com.apple.coredrag'
See /usr/include/servers/bootstrap_defs.h for the error codes.
JavaScript warning: https://www.googletagmanager.com/gtag/js?id=UA-110853334-1, line 69: unreachable code after return statement
JavaScript warning: https://www.googletagmanager.com/gtag/js?id=UA-110853334-1, line 69: unreachable code after return statement
1529475254451	geckodriver	INFO	geckodriver 0.20.1
1529475254461	geckodriver	INFO	Listening on 127.0.0.1:60244
1529475255464	mozrunner::runner	INFO	Running command: "/Applications/Firefox.app/Contents/MacOS/firefox-bin" "-marionette" "-profile" "/var/folders/nq/0mpynycd6mg_8903k89bx5f00000gn/T/rust_mozprofile.V7qpl8Hm1FVz"
2018-06-20 14:14:16.698 plugin-container[8814:830408] *** CFMessagePort: bootstrap_register(): failed 1100 (0x44c) 'Permission denied', port = 0x7b43, name = 'com.apple.tsm.portname'
See /usr/include/servers/bootstrap_defs.h for the error codes.
2018-06-20 14:14:16.846 plugin-container[8814:830408] *** CFMessagePort: bootstrap_register(): failed 1100 (0x44c) 'Permission denied', port = 0x2727, name = 'com.apple.coredrag'
See /usr/include/servers/bootstrap_defs.h for the error codes.
1529475257168	Marionette	INFO	Listening on port 60252
1529475257254	Marionette	WARN	TLS certificate errors will be ignored for this session
2018-06-20 14:14:17.650 plugin-container[8815:830485] *** CFMessagePort: bootstrap_register(): failed 1100 (0x44c) 'Permission denied', port = 0x8503, name = 'com.apple.tsm.portname'
See /usr/include/servers/bootstrap_defs.h for the error codes.
2018-06-20 14:14:17.733 plugin-container[8815:830485] *** CFMessagePort: bootstrap_register(): failed 1100 (0x44c) 'Permission denied', port = 0x281f, name = 'com.apple.coredrag'
See /usr/include/servers/bootstrap_defs.h for the error codes.
JavaScript warning: https://www.googletagmanager.com/gtag/js?id=UA-110853334-1, line 69: unreachable code after return statement
JavaScript warning: https://www.googletagmanager.com/gtag/js?id=UA-110853334-1, line 69: unreachable code after return statement
2018-06-20 14:14:37.826 firefox-bin[8813:830303] IMKInputSession [0x12b45fa60 presentFunctionRowItemTextInputViewWithEndpoint:completionHandler:] : [self textInputContext]=0x118ebb7c0 *NO* NSRemoteViewController to client, NSError=Error Domain=NSCocoaErrorDomain Code=4097 "connection from pid 0" UserInfo={NSDebugDescription=connection from pid 0}, com.apple.inputmethod.EmojiFunctionRowItem
2018-06-20 14:14:39.487 firefox-bin[8813:830303] IMKInputSession [0x12b45fa60 presentFunctionRowItemTextInputViewWithEndpoint:completionHandler:] : [self textInputContext]=0x118ebb7c0 *NO* NSRemoteViewController to client, NSError=Error Domain=NSCocoaErrorDomain Code=4097 "connection from pid 0" UserInfo={NSDebugDescription=connection from pid 0}, com.apple.inputmethod.EmojiFunctionRowItem
*** UTM:SVC TimerManager:registerTimer called after profile-before-change notification. Ignoring timer registration for id: telemetry_modules_ping

###!!! [Child][RunMessage] Error: Channel closing: too late to send/recv, messages will be lost

1529476771237	geckodriver	INFO	geckodriver 0.20.1
1529476771247	geckodriver	INFO	Listening on 127.0.0.1:61519
1529476772256	mozrunner::runner	INFO	Running command: "/Applications/Firefox.app/Contents/MacOS/firefox-bin" "-marionette" "-profile" "/var/folders/nq/0mpynycd6mg_8903k89bx5f00000gn/T/rust_mozprofile.kze4encnb6C3"
2018-06-20 14:39:33.548 plugin-container[8937:937188] *** CFMessagePort: bootstrap_register(): failed 1100 (0x44c) 'Permission denied', port = 0x803f, name = 'com.apple.tsm.portname'
See /usr/include/servers/bootstrap_defs.h for the error codes.
2018-06-20 14:39:33.751 plugin-container[8937:937188] *** CFMessagePort: bootstrap_register(): failed 1100 (0x44c) 'Permission denied', port = 0x282b, name = 'com.apple.coredrag'
See /usr/include/servers/bootstrap_defs.h for the error codes.
1529476774031	Marionette	INFO	Listening on port 61526
1529476774063	Marionette	WARN	TLS certificate errors will be ignored for this session
2018-06-20 14:39:34.489 plugin-container[8938:937382] *** CFMessagePort: bootstrap_register(): failed 1100 (0x44c) 'Permission denied', port = 0x713f, name = 'com.apple.tsm.portname'
See /usr/include/servers/bootstrap_defs.h for the error codes.
2018-06-20 14:39:34.590 plugin-container[8938:937382] *** CFMessagePort: bootstrap_register(): failed 1100 (0x44c) 'Permission denied', port = 0x8103, name = 'com.apple.coredrag'
See /usr/include/servers/bootstrap_defs.h for the error codes.
JavaScript warning: https://www.googletagmanager.com/gtag/js?id=UA-110853334-1, line 69: unreachable code after return statement
JavaScript warning: https://www.googletagmanager.com/gtag/js?id=UA-110853334-1, line 69: unreachable code after return statement

###!!! [Child][RunMessage] Error: Channel closing: too late to send/recv, messages will be lost

2018-06-20 17:00:43.161 firefox-bin[8936:937000] IMKInputSession [0x13871b670 presentFunctionRowItemTextInputViewWithEndpoint:completionHandler:] : [self textInputContext]=0x132b210a0 *NO* NSRemoteViewController to client, NSError=Error Domain=NSCocoaErrorDomain Code=4097 "connection from pid 0" UserInfo={NSDebugDescription=connection from pid 0}, com.apple.inputmethod.EmojiFunctionRowItem
2018-06-20 17:00:43.182 firefox-bin[8936:937000] IMKInputSession [0x115322f70 presentFunctionRowItemTextInputViewWithEndpoint:completionHandler:] : [self textInputContext]=0x132b210a0 *NO* NSRemoteViewController to client, NSError=Error Domain=NSCocoaErrorDomain Code=4097 "connection from pid 0" UserInfo={NSDebugDescription=connection from pid 0}, com.apple.inputmethod.SCIM
2018-06-20 17:00:43.243 firefox-bin[8936:937000] IMKInputSession [0x13871b670 presentFunctionRowItemTextInputViewWithEndpoint:completionHandler:] : [self textInputContext]=0x132b210a0 *NO* NSRemoteViewController to client, NSError=Error Domain=NSCocoaErrorDomain Code=4097 "connection from pid 0" UserInfo={NSDebugDescription=connection from pid 0}, com.apple.inputmethod.EmojiFunctionRowItem
2018-06-20 17:00:43.269 firefox-bin[8936:937000] IMKInputSession [0x115322f70 presentFunctionRowItemTextInputViewWithEndpoint:completionHandler:] : [self textInputContext]=0x132b210a0 *NO* NSRemoteViewController to client, NSError=Error Domain=NSCocoaErrorDomain Code=4097 "connection from pid 0" UserInfo={NSDebugDescription=connection from pid 0}, com.apple.inputmethod.SCIM
2018-06-20 17:00:43.520 plugin-container[9749:1491472] *** CFMessagePort: bootstrap_register(): failed 1100 (0x44c) 'Permission denied', port = 0x8733, name = 'com.apple.tsm.portname'
See /usr/include/servers/bootstrap_defs.h for the error codes.
2018-06-20 17:00:43.613 plugin-container[9749:1491472] *** CFMessagePort: bootstrap_register(): failed 1100 (0x44c) 'Permission denied', port = 0x252b, name = 'com.apple.coredrag'
See /usr/include/servers/bootstrap_defs.h for the error codes.
2018-06-20 17:00:44.916 firefox-bin[8936:937000] IMKInputSession [0x13871b670 presentFunctionRowItemTextInputViewWithEndpoint:completionHandler:] : [self textInputContext]=0x132b210a0 *NO* NSRemoteViewController to client, NSError=Error Domain=NSCocoaErrorDomain Code=4097 "connection from pid 0" UserInfo={NSDebugDescription=connection from pid 0}, com.apple.inputmethod.EmojiFunctionRowItem
2018-06-20 17:00:44.943 firefox-bin[8936:937000] IMKInputSession [0x115322f70 presentFunctionRowItemTextInputViewWithEndpoint:completionHandler:] : [self textInputContext]=0x132b210a0 *NO* NSRemoteViewController to client, NSError=Error Domain=NSCocoaErrorDomain Code=4097 "connection from pid 0" UserInfo={NSDebugDescription=connection from pid 0}, com.apple.inputmethod.SCIM
1529562204953	geckodriver	INFO	geckodriver 0.20.1
1529562204962	geckodriver	INFO	Listening on 127.0.0.1:57010
1529562205984	mozrunner::runner	INFO	Running command: "/Applications/Firefox.app/Contents/MacOS/firefox-bin" "-marionette" "-profile" "/var/folders/nq/0mpynycd6mg_8903k89bx5f00000gn/T/rust_mozprofile.i99YFzZWFt9J"
2018-06-21 14:23:27.304 plugin-container[11433:2315089] *** CFMessagePort: bootstrap_register(): failed 1100 (0x44c) 'Permission denied', port = 0x7843, name = 'com.apple.tsm.portname'
See /usr/include/servers/bootstrap_defs.h for the error codes.
2018-06-21 14:23:27.492 plugin-container[11433:2315089] *** CFMessagePort: bootstrap_register(): failed 1100 (0x44c) 'Permission denied', port = 0x1827, name = 'com.apple.coredrag'
See /usr/include/servers/bootstrap_defs.h for the error codes.
1529562207890	Marionette	INFO	Listening on port 57017
1529562207988	Marionette	WARN	TLS certificate errors will be ignored for this session
2018-06-21 14:23:28.356 plugin-container[11434:2315271] *** CFMessagePort: bootstrap_register(): failed 1100 (0x44c) 'Permission denied', port = 0x8803, name = 'com.apple.tsm.portname'
See /usr/include/servers/bootstrap_defs.h for the error codes.
2018-06-21 14:23:28.463 plugin-container[11434:2315271] *** CFMessagePort: bootstrap_register(): failed 1100 (0x44c) 'Permission denied', port = 0x171b, name = 'com.apple.coredrag'
See /usr/include/servers/bootstrap_defs.h for the error codes.
JavaScript warning: https://www.googletagmanager.com/gtag/js?id=UA-110853334-1, line 68: unreachable code after return statement
JavaScript warning: https://www.googletagmanager.com/gtag/js?id=UA-110853334-1, line 68: unreachable code after return statement
1529562418069	geckodriver	INFO	geckodriver 0.20.1
1529562418078	geckodriver	INFO	Listening on 127.0.0.1:57163
1529562419099	mozrunner::runner	INFO	Running command: "/Applications/Firefox.app/Contents/MacOS/firefox-bin" "-marionette" "-profile" "/var/folders/nq/0mpynycd6mg_8903k89bx5f00000gn/T/rust_mozprofile.o87ML8py2EK5"
2018-06-21 14:27:00.309 plugin-container[11477:2336380] *** CFMessagePort: bootstrap_register(): failed 1100 (0x44c) 'Permission denied', port = 0x8237, name = 'com.apple.tsm.portname'
See /usr/include/servers/bootstrap_defs.h for the error codes.
2018-06-21 14:27:00.409 plugin-container[11477:2336380] *** CFMessagePort: bootstrap_register(): failed 1100 (0x44c) 'Permission denied', port = 0x2733, name = 'com.apple.coredrag'
See /usr/include/servers/bootstrap_defs.h for the error codes.
1529562420822	Marionette	INFO	Listening on port 57170
1529562420895	Marionette	WARN	TLS certificate errors will be ignored for this session
2018-06-21 14:27:01.302 plugin-container[11478:2336569] *** CFMessagePort: bootstrap_register(): failed 1100 (0x44c) 'Permission denied', port = 0x863b, name = 'com.apple.tsm.portname'
See /usr/include/servers/bootstrap_defs.h for the error codes.
2018-06-21 14:27:01.386 plugin-container[11478:2336569] *** CFMessagePort: bootstrap_register(): failed 1100 (0x44c) 'Permission denied', port = 0x1747, name = 'com.apple.coredrag'
See /usr/include/servers/bootstrap_defs.h for the error codes.
JavaScript warning: https://www.googletagmanager.com/gtag/js?id=UA-110853334-1, line 68: unreachable code after return statement
JavaScript warning: https://www.googletagmanager.com/gtag/js?id=UA-110853334-1, line 68: unreachable code after return statement
2018-06-21 14:27:15.207 firefox-bin[11476:2336179] IMKInputSession [0x11f889f70 presentFunctionRowItemTextInputViewWithEndpoint:completionHandler:] : [self textInputContext]=0x1141d1700 *NO* NSRemoteViewController to client, NSError=Error Domain=NSCocoaErrorDomain Code=4097 "connection from pid 0" UserInfo={NSDebugDescription=connection from pid 0}, com.apple.inputmethod.EmojiFunctionRowItem
2018-06-21 14:27:15.234 firefox-bin[11476:2336179] IMKInputSession [0x11f233e50 presentFunctionRowItemTextInputViewWithEndpoint:completionHandler:] : [self textInputContext]=0x1141d1700 *NO* NSRemoteViewController to client, NSError=Error Domain=NSCocoaErrorDomain Code=4097 "connection from pid 0" UserInfo={NSDebugDescription=connection from pid 0}, com.apple.inputmethod.SCIM
2018-06-21 14:27:19.537 firefox-bin[11476:2336179] IMKInputSession [0x11f889f70 presentFunctionRowItemTextInputViewWithEndpoint:completionHandler:] : [self textInputContext]=0x1141d1700 *NO* NSRemoteViewController to client, NSError=Error Domain=NSCocoaErrorDomain Code=4097 "connection from pid 0" UserInfo={NSDebugDescription=connection from pid 0}, com.apple.inputmethod.EmojiFunctionRowItem
2018-06-21 14:27:19.564 firefox-bin[11476:2336179] IMKInputSession [0x11f233e50 presentFunctionRowItemTextInputViewWithEndpoint:completionHandler:] : [self textInputContext]=0x1141d1700 *NO* NSRemoteViewController to client, NSError=Error Domain=NSCocoaErrorDomain Code=4097 "connection from pid 0" UserInfo={NSDebugDescription=connection from pid 0}, com.apple.inputmethod.SCIM
*** UTM:SVC TimerManager:registerTimer called after profile-before-change notification. Ignoring timer registration for id: telemetry_modules_ping
1529562643269	geckodriver	INFO	geckodriver 0.20.1
1529562643276	geckodriver	INFO	Listening on 127.0.0.1:57309
1529562644301	mozrunner::runner	INFO	Running command: "/Applications/Firefox.app/Contents/MacOS/firefox-bin" "-marionette" "-profile" "/var/folders/nq/0mpynycd6mg_8903k89bx5f00000gn/T/rust_mozprofile.NedPNnkqsK1c"
2018-06-21 14:30:45.418 plugin-container[11492:2359071] *** CFMessagePort: bootstrap_register(): failed 1100 (0x44c) 'Permission denied', port = 0x853f, name = 'com.apple.tsm.portname'
See /usr/include/servers/bootstrap_defs.h for the error codes.
2018-06-21 14:30:45.505 plugin-container[11492:2359071] *** CFMessagePort: bootstrap_register(): failed 1100 (0x44c) 'Permission denied', port = 0x252b, name = 'com.apple.coredrag'
See /usr/include/servers/bootstrap_defs.h for the error codes.
1529562645823	Marionette	INFO	Listening on port 57316
1529562645899	Marionette	WARN	TLS certificate errors will be ignored for this session
2018-06-21 14:30:46.318 plugin-container[11493:2359239] *** CFMessagePort: bootstrap_register(): failed 1100 (0x44c) 'Permission denied', port = 0x6b07, name = 'com.apple.tsm.portname'
See /usr/include/servers/bootstrap_defs.h for the error codes.
2018-06-21 14:30:46.404 plugin-container[11493:2359239] *** CFMessagePort: bootstrap_register(): failed 1100 (0x44c) 'Permission denied', port = 0x1a47, name = 'com.apple.coredrag'
See /usr/include/servers/bootstrap_defs.h for the error codes.
JavaScript warning: https://www.googletagmanager.com/gtag/js?id=UA-110853334-1, line 68: unreachable code after return statement
JavaScript warning: https://www.googletagmanager.com/gtag/js?id=UA-110853334-1, line 68: unreachable code after return statement
1529563397864	geckodriver	INFO	geckodriver 0.20.1
1529563397873	geckodriver	INFO	Listening on 127.0.0.1:57543
1529563398894	mozrunner::runner	INFO	Running command: "/Applications/Firefox.app/Contents/MacOS/firefox-bin" "-marionette" "-profile" "/var/folders/nq/0mpynycd6mg_8903k89bx5f00000gn/T/rust_mozprofile.1P2NGQ22tcGK"
2018-06-21 14:43:20.099 plugin-container[11553:2430169] *** CFMessagePort: bootstrap_register(): failed 1100 (0x44c) 'Permission denied', port = 0x833b, name = 'com.apple.tsm.portname'
See /usr/include/servers/bootstrap_defs.h for the error codes.
2018-06-21 14:43:20.192 plugin-container[11553:2430169] *** CFMessagePort: bootstrap_register(): failed 1100 (0x44c) 'Permission denied', port = 0x1727, name = 'com.apple.coredrag'
See /usr/include/servers/bootstrap_defs.h for the error codes.
1529563400554	Marionette	INFO	Listening on port 57550
1529563400594	Marionette	WARN	TLS certificate errors will be ignored for this session
2018-06-21 14:43:20.983 plugin-container[11554:2430341] *** CFMessagePort: bootstrap_register(): failed 1100 (0x44c) 'Permission denied', port = 0x863b, name = 'com.apple.tsm.portname'
See /usr/include/servers/bootstrap_defs.h for the error codes.
2018-06-21 14:43:21.071 plugin-container[11554:2430341] *** CFMessagePort: bootstrap_register(): failed 1100 (0x44c) 'Permission denied', port = 0x271f, name = 'com.apple.coredrag'
See /usr/include/servers/bootstrap_defs.h for the error codes.
JavaScript warning: https://www.googletagmanager.com/gtag/js?id=UA-110853334-1, line 68: unreachable code after return statement
JavaScript warning: https://www.googletagmanager.com/gtag/js?id=UA-110853334-1, line 68: unreachable code after return statement
1529563609799	addons.productaddons	WARN	Failed downloading via XHR, status: 0, reason: error
1529563705759	geckodriver	INFO	geckodriver 0.20.1
1529563705768	geckodriver	INFO	Listening on 127.0.0.1:57758
1529563706786	mozrunner::runner	INFO	Running command: "/Applications/Firefox.app/Contents/MacOS/firefox-bin" "-marionette" "-profile" "/var/folders/nq/0mpynycd6mg_8903k89bx5f00000gn/T/rust_mozprofile.IOfg251yZPYD"
2018-06-21 14:48:27.954 plugin-container[11585:2463229] *** CFMessagePort: bootstrap_register(): failed 1100 (0x44c) 'Permission denied', port = 0x763b, name = 'com.apple.tsm.portname'
See /usr/include/servers/bootstrap_defs.h for the error codes.
2018-06-21 14:48:28.044 plugin-container[11585:2463229] *** CFMessagePort: bootstrap_register(): failed 1100 (0x44c) 'Permission denied', port = 0x2827, name = 'com.apple.coredrag'
See /usr/include/servers/bootstrap_defs.h for the error codes.
1529563708379	Marionette	INFO	Listening on port 57765
1529563708492	Marionette	WARN	TLS certificate errors will be ignored for this session
2018-06-21 14:48:28.865 plugin-container[11586:2463412] *** CFMessagePort: bootstrap_register(): failed 1100 (0x44c) 'Permission denied', port = 0x723f, name = 'com.apple.tsm.portname'
See /usr/include/servers/bootstrap_defs.h for the error codes.
2018-06-21 14:48:28.952 plugin-container[11586:2463412] *** CFMessagePort: bootstrap_register(): failed 1100 (0x44c) 'Permission denied', port = 0x281b, name = 'com.apple.coredrag'
See /usr/include/servers/bootstrap_defs.h for the error codes.
JavaScript warning: https://www.googletagmanager.com/gtag/js?id=UA-110853334-1, line 68: unreachable code after return statement
JavaScript warning: https://www.googletagmanager.com/gtag/js?id=UA-110853334-1, line 68: unreachable code after return statement
